<html><body>
<h1>Unit Test 2004-11-28T20:31:48</h1>
<a href="index.html">Back to Index</a><br>
<table border=0 width="100%"><tr><td bgcolor="red">TEST FAILED</td></tr></table>
Tests: 9; Failures: 0; Errors: 4<br>
<table border=0 width="100%"><tr><td bgcolor="ltgreen"> <a href="#AcdkObject_Test.standard">AcdkObject_Test.standard</a> <br>
</td></tr></table>
<table border=0 width="100%"><tr><td bgcolor="ltgreen"> <a href="#AcdkObject_Test.exceptionHandling">AcdkObject_Test.exceptionHandling</a> <br>
</td></tr></table>
<table border=0 width="100%"><tr><td bgcolor="ltgreen"> <a href="#AcdkObject_Test.sampleCode">AcdkObject_Test.sampleCode</a> <br>
</td></tr></table>
<table border=0 width="100%"><tr><td bgcolor="ltgreen"> <a href="#AcdkObject_Test.dmiProxy">AcdkObject_Test.dmiProxy</a> <br>
</td></tr></table>
<table border=0 width="100%"><tr><td bgcolor="ltgreen"> <a href="#Basic_Test.standard">Basic_Test.standard</a> <br>
</td></tr></table>
<table border=0 width="100%"><tr><td bgcolor="FF8080"> <a href="#DIIAcdkObject_Test.standard">DIIAcdkObject_Test.standard</a> <br>
</td></tr></table>
<table border=0 width="100%"><tr><td bgcolor="FF8080"> <a href="#DIIAcdkObject_Test.factory">DIIAcdkObject_Test.factory</a> <br>
</td></tr></table>
<table border=0 width="100%"><tr><td bgcolor="FF8080"> <a href="#DIIAcdkObject_Test.dmi">DIIAcdkObject_Test.dmi</a> <br>
</td></tr></table>
<table border=0 width="100%"><tr><td bgcolor="FF8080"> <a href="#DIIAcdkObject_Test.exceptions">DIIAcdkObject_Test.exceptions</a> <br>
</td></tr></table>
<h2><a id="AcdkObject_Test.standard">AcdkObject_Test.standard</a></h2>
<table border=0 width="100%"><tr><td bgcolor="green">Test OK with 10  Test Expressions</td></tr></table>
<br>Error output:<hr><pre>[AUNIT:STRT][AcdkObject_Test.standard] Start Test
IOR:010000002500000049444c3a49444c3a6163646b782f6f72622f4163646b4f626a6563743a312e303a312e3000000000010000000000000068000000010102000d0000003139322e3136382e302e393500002c05480000004143444b0d0000003139322e3136382e302e3935000000002c050000900c00001d00000049444c3a6163646b782f6f72622f4163646b4f626a6563743a312e30000000002c43010100000000
</pre>
<h2><a id="AcdkObject_Test.exceptionHandling">AcdkObject_Test.exceptionHandling</a></h2>
<table border=0 width="100%"><tr><td bgcolor="green">Test OK with 0  Test Expressions</td></tr></table>
<br>Error output:<hr><pre>[AUNIT:ENDT][AcdkObject_Test.standard] End Test
[AUNIT:STRT][AcdkObject_Test.exceptionHandling] Start Test
**  WARN: AORB::reset(): Warning ORB is used somewhere
IOR:010000002500000049444c3a49444c3a6163646b782f6f72622f4163646b4f626a6563743a312e303a312e3000000000010000000000000068000000010102000d0000003139322e3136382e302e393500002f05480000004143444b0d0000003139322e3136382e302e3935000000002f050000900c00001d00000049444c3a6163646b782f6f72622f4163646b4f626a6563743a312e300000000040ea020100000000
Not A Number
</pre>
<h2><a id="AcdkObject_Test.sampleCode">AcdkObject_Test.sampleCode</a></h2>
<table border=0 width="100%"><tr><td bgcolor="green">Test OK with 0  Test Expressions</td></tr></table>
<br>Error output:<hr><pre>[AUNIT:ENDT][AcdkObject_Test.exceptionHandling] End Test
[AUNIT:STRT][AcdkObject_Test.sampleCode] Start Test
**  WARN: AORB::reset(): Warning ORB is used somewhere
IOR:010000002500000049444c3a49444c3a6163646b782f6f72622f4163646b4f626a6563743a312e303a312e3000000000010000000000000068000000010102000d0000003139322e3136382e302e393500003205480000004143444b0d0000003139322e3136382e302e39350000000032050000900c00001d00000049444c3a6163646b782f6f72622f4163646b4f626a6563743a312e3000000000d45a050100000000
String should contain 'Hello ACDK': Hello ACDK

</pre>
<h2><a id="AcdkObject_Test.dmiProxy">AcdkObject_Test.dmiProxy</a></h2>
<table border=0 width="100%"><tr><td bgcolor="green">Test OK with 1  Test Expressions</td></tr></table>
<br>Error output:<hr><pre>[AUNIT:ENDT][AcdkObject_Test.sampleCode] End Test
[AUNIT:STRT][AcdkObject_Test.dmiProxy] Start Test
**  WARN: AORB::reset(): Warning ORB is used somewhere
IOR:010000002500000049444c3a49444c3a6163646b782f6f72622f4163646b4f626a6563743a312e303a312e3000000000010000000000000068000000010102000d0000003139322e3136382e302e393500003505480000004143444b0d0000003139322e3136382e302e39350000000035050000900c00001d00000049444c3a6163646b782f6f72622f4163646b4f626a6563743a312e300000000030f2050100000000
</pre>
<h2><a id="Basic_Test.standard">Basic_Test.standard</a></h2>
<table border=0 width="100%"><tr><td bgcolor="green">Test OK with 4  Test Expressions</td></tr></table>
<br>Error output:<hr><pre>[AUNIT:ENDT][AcdkObject_Test.dmiProxy] End Test
[AUNIT:STRT][Basic_Test.standard] Start Test
**  WARN: AORB::reset(): Warning ORB is used somewhere
IOR:010000002a00000049444c3a6163646b782f6f72622f73656c6674657374732f54657374496e746572666163653a312e3000000001000000000000006c000000010102000d0000003139322e3136382e302e3935000039054c0000004143444b0d0000003139322e3136382e302e39350000000039050000900c0000220000006163646b782f6f72622f73656c6674657374732f54657374496e746572666163650000001c2c060100000000
</pre>
<h2><a id="DIIAcdkObject_Test.standard">DIIAcdkObject_Test.standard</a></h2>
<table border=0 width="100%"><tr><td bgcolor="red">Test FAILED </td></tr></table>
Errors:<br>
<ul>
<li> No error<br>Called in:<br><pre>  called in <0x0>
  called in acdk::lang::sys::BackTrace::_save_pcs (acdk_core_d.dll)
  called in acdk::lang::sys::BackTrace::BackTrace (acdk_core_d.dll)
  called in acdk::lang::Throwable::Throwable (acdk_core_d.dll)
  called in acdk::lang::Exception::Exception (acdk_core_d.dll)
  called in acdk::io::IOException::IOException (acdk_core_d.dll)
  called in acdk::io::EOFException::EOFException (acdk_core_d.dll)
  called in acdk::io::EOFException_MetainfoWrapper::EOFException_method_EOFException__LREOFException__dispatch (acdk_core_metainf_d.dll)
  called in acdk::lang::dmi::StdDispatch::_invoke_static (acdk_core_d.dll)
  called in acdk::lang::reflect::Constructor::newInstance (acdk_core_d.dll)
  called in acdk::lang::Class::newInstance (acdk_core_d.dll)
  called in acdkx::orb::CDRObjectReader::read_exception (acdkx_orb_d.dll)
  called in acdkx::orb::ReplyInputStream::testReplyStatus (acdkx_orb_d.dll)
  called in acdkx::orb::RequestOutputStream::send (acdkx_orb_d.dll)
  called in acdkx::orb::ServerDelegate::_invoke (acdkx_orb_d.dll)
  called in acdkx::orb::CorObject::dyn_new (acdkx_orb_d.dll)
  called in tests::acdkx::orb::DIIAcdkObject_Test::standard (acdkx_orb_Test_d.exe)
  called in acdk::tools::aunit::TestCaller<tests::acdkx::orb::DIIAcdkObject_Test>::runTest (acdkx_orb_Test_d.exe)
  called in acdk::tools::aunit::TestCase::run (acdk_tools_aunit_d.dll)
  called in acdk::tools::aunit::TestSuite::run (acdk_tools_aunit_d.dll)
  called in acdk::tools::aunit::TestRunner::executeTest (acdk_tools_aunit_d.dll)
  called in acdk::tools::aunit::TestRunner::executeTests (acdk_tools_aunit_d.dll)
  called in acdk::tools::aunit::TestRunner::executeTests (acdk_tools_aunit_d.dll)
  called in acdk::tools::aunit::TestRunner::testmain (acdk_tools_aunit_d.dll)
  called in acdk::lang::System::main (acdk_core_d.dll)
  called in main (acdkx_orb_Test_d.exe)
  called in mainCRTStartup (acdkx_orb_Test_d.exe)
  called in RegisterWaitForInputIdle (kernel32.dll)
</pre></li>
</ul>
<br>Error output:<hr><pre>[AUNIT:ENDT][Basic_Test.standard] End Test
[AUNIT:STRT][DIIAcdkObject_Test.standard] Start Test
**  WARN: AORB::reset(): Warning ORB is used somewhere
IOR:010000002500000049444c3a49444c3a6163646b782f6f72622f4163646b4f626a6563743a312e303a312e3000000000010000000000000068000000010102000d0000003139322e3136382e302e393500003c05480000004143444b0d0000003139322e3136382e302e3935000000003c050000900c00001d00000049444c3a6163646b782f6f72622f4163646b4f626a6563743a312e300000000098d7070100000000
[AUNIT:ERRR][DIIAcdkObject_Test.standard] Error in Test: DIIAcdkObject_Test.standard: No error
</pre>
<h2><a id="DIIAcdkObject_Test.factory">DIIAcdkObject_Test.factory</a></h2>
<table border=0 width="100%"><tr><td bgcolor="red">Test FAILED </td></tr></table>
Errors:<br>
<ul>
<li> org/omg/CORBA/MARSHAL minor code: 5  completed: No<br>Called in:<br><pre>  called in acdk::lang::sys::BackTrace::_save_pcs (acdk_core_d.dll)
  called in acdk::lang::sys::BackTrace::BackTrace (acdk_core_d.dll)
  called in acdk::lang::Throwable::Throwable (acdk_core_d.dll)
  called in acdk::lang::Exception::Exception (acdk_core_d.dll)
  called in acdk::lang::RuntimeException::RuntimeException (acdk_core_d.dll)
  called in org::omg::CORBA::SystemException::SystemException (acdkx_orb_d.dll)
  called in org::omg::CORBA::MARSHAL::MARSHAL (acdkx_orb_d.dll)
  called in acdkx::orb::CDRObjectReader::read_acdk_object (acdkx_orb_d.dll)
  called in acdkx::orb::readValueParam (acdkx_orb_d.dll)
  called in acdkx::orb::CorObject::standardDispatch (acdkx_orb_d.dll)
  called in acdk::lang::dmi::StdDispatch::invokeMethod (acdk_core_d.dll)
  called in acdk::lang::dmi::StdDispatch::invoke (acdk_core_d.dll)
  called in tests::acdkx::orb::DIIAcdkObject_Test::factory (acdkx_orb_Test_d.exe)
  called in acdk::tools::aunit::TestCaller<tests::acdkx::orb::DIIAcdkObject_Test>::runTest (acdkx_orb_Test_d.exe)
  called in acdk::tools::aunit::TestCase::run (acdk_tools_aunit_d.dll)
  called in acdk::tools::aunit::TestSuite::run (acdk_tools_aunit_d.dll)
  called in acdk::tools::aunit::TestRunner::executeTest (acdk_tools_aunit_d.dll)
  called in acdk::tools::aunit::TestRunner::executeTests (acdk_tools_aunit_d.dll)
  called in acdk::tools::aunit::TestRunner::executeTests (acdk_tools_aunit_d.dll)
  called in acdk::tools::aunit::TestRunner::testmain (acdk_tools_aunit_d.dll)
  called in acdk::lang::System::main (acdk_core_d.dll)
  called in main (acdkx_orb_Test_d.exe)
  called in mainCRTStartup (acdkx_orb_Test_d.exe)
  called in RegisterWaitForInputIdle (kernel32.dll)
</pre></li>
</ul>
<br>Error output:<hr><pre>[AUNIT:ENDT][DIIAcdkObject_Test.standard] End Test
[AUNIT:STRT][DIIAcdkObject_Test.factory] Start Test
**  WARN: AORB::reset(): Warning ORB is used somewhere
IOR:010000002500000049444c3a49444c3a6163646b782f6f72622f4163646b4f626a6563743a312e303a312e3000000000010000000000000068000000010102000d0000003139322e3136382e302e393500003f05480000004143444b0d0000003139322e3136382e302e3935000000003f050000900c00001d00000049444c3a6163646b782f6f72622f4163646b4f626a6563743a312e30000000007442080100000000
[AUNIT:ERRR][DIIAcdkObject_Test.factory] Error in Test: DIIAcdkObject_Test.factory: org/omg/CORBA/MARSHAL minor code: 5  completed: No
</pre>
<h2><a id="DIIAcdkObject_Test.dmi">DIIAcdkObject_Test.dmi</a></h2>
<table border=0 width="100%"><tr><td bgcolor="red">Test FAILED </td></tr></table>
Errors:<br>
<ul>
<li> Field not found: MiPublic acdk.lang.Object.out<br>Called in:<br><pre>  called in acdk::lang::sys::BackTrace::_save_pcs (acdk_core_d.dll)
  called in acdk::lang::sys::BackTrace::BackTrace (acdk_core_d.dll)
  called in acdk::lang::Throwable::Throwable (acdk_core_d.dll)
  called in acdk::lang::Exception::Exception (acdk_core_d.dll)
  called in acdk::lang::RuntimeException::RuntimeException (acdk_core_d.dll)
  called in acdk::lang::DmiException::DmiException (acdk_core_d.dll)
  called in acdk::lang::NoSuchElementException::NoSuchElementException (acdk_core_d.dll)
  called in acdk::lang::dmi::ClazzInfo::findField (acdk_core_d.dll)
  called in acdk::lang::dmi::StdDispatch::getMember (acdk_core_d.dll)
  called in acdk::lang::dmi::StdDispatch::peek (acdk_core_d.dll)
  called in tests::acdkx::orb::DIIAcdkObject_Test::dmi (acdkx_orb_Test_d.exe)
  called in acdk::tools::aunit::TestCaller<tests::acdkx::orb::DIIAcdkObject_Test>::runTest (acdkx_orb_Test_d.exe)
  called in acdk::tools::aunit::TestCase::run (acdk_tools_aunit_d.dll)
  called in acdk::tools::aunit::TestSuite::run (acdk_tools_aunit_d.dll)
  called in acdk::tools::aunit::TestRunner::executeTest (acdk_tools_aunit_d.dll)
  called in acdk::tools::aunit::TestRunner::executeTests (acdk_tools_aunit_d.dll)
  called in acdk::tools::aunit::TestRunner::executeTests (acdk_tools_aunit_d.dll)
  called in acdk::tools::aunit::TestRunner::testmain (acdk_tools_aunit_d.dll)
  called in acdk::lang::System::main (acdk_core_d.dll)
  called in main (acdkx_orb_Test_d.exe)
  called in mainCRTStartup (acdkx_orb_Test_d.exe)
  called in RegisterWaitForInputIdle (kernel32.dll)
</pre></li>
</ul>
<br>Error output:<hr><pre>[AUNIT:ENDT][DIIAcdkObject_Test.factory] End Test
[AUNIT:STRT][DIIAcdkObject_Test.dmi] Start Test
**  WARN: AORB::reset(): Warning ORB is used somewhere
IOR:010000002500000049444c3a49444c3a6163646b782f6f72622f4163646b4f626a6563743a312e303a312e3000000000010000000000000068000000010102000d0000003139322e3136382e302e393500004205480000004143444b0d0000003139322e3136382e302e39350000000042050000900c00001d00000049444c3a6163646b782f6f72622f4163646b4f626a6563743a312e300000000094f3080100000000
[AUNIT:ERRR][DIIAcdkObject_Test.dmi] Error in Test: DIIAcdkObject_Test.dmi: Field not found: MiPublic acdk.lang.Object.out
</pre>
<h2><a id="DIIAcdkObject_Test.exceptions">DIIAcdkObject_Test.exceptions</a></h2>
<table border=0 width="100%"><tr><td bgcolor="red">Test FAILED </td></tr></table>
Errors:<br>
<ul>
<li> No such Method: ::acdk::tools::aunit::DmiTestClass::DmiTestClass1<br>Called in:<br><pre>  called in acdk::lang::sys::BackTrace::_save_pcs (acdk_core_d.dll)
  called in acdk::lang::sys::BackTrace::BackTrace (acdk_core_d.dll)
  called in acdk::lang::Throwable::Throwable (acdk_core_d.dll)
  called in acdk::lang::Exception::Exception (acdk_core_d.dll)
  called in acdk::lang::RuntimeException::RuntimeException (acdk_core_d.dll)
  called in acdk::lang::DmiException::DmiException (acdk_core_d.dll)
  called in acdk::lang::NoSuchDmiElementException::NoSuchDmiElementException (acdk_core_d.dll)
  called in acdk::lang::NoSuchMethodException::NoSuchMethodException (acdk_core_d.dll)
  called in acdk::lang::dmi::throwNonPolyMethodNotFound (acdk_core_d.dll)
  called in acdk::lang::dmi::StdDispatch::lookupMethodNoPolymorph (acdk_core_d.dll)
  called in acdkx::orb::CorObject::standardDispatch (acdkx_orb_d.dll)
  called in acdk::lang::dmi::StdDispatch::invokeMethod (acdk_core_d.dll)
  called in acdk::lang::dmi::StdDispatch::invoke (acdk_core_d.dll)
  called in tests::acdkx::orb::DIIAcdkObject_Test::exceptions (acdkx_orb_Test_d.exe)
  called in acdk::tools::aunit::TestCaller<tests::acdkx::orb::DIIAcdkObject_Test>::runTest (acdkx_orb_Test_d.exe)
  called in acdk::tools::aunit::TestCase::run (acdk_tools_aunit_d.dll)
  called in acdk::tools::aunit::TestSuite::run (acdk_tools_aunit_d.dll)
  called in acdk::tools::aunit::TestRunner::executeTest (acdk_tools_aunit_d.dll)
  called in acdk::tools::aunit::TestRunner::executeTests (acdk_tools_aunit_d.dll)
  called in acdk::tools::aunit::TestRunner::executeTests (acdk_tools_aunit_d.dll)
  called in acdk::tools::aunit::TestRunner::testmain (acdk_tools_aunit_d.dll)
  called in acdk::lang::System::main (acdk_core_d.dll)
  called in main (acdkx_orb_Test_d.exe)
  called in mainCRTStartup (acdkx_orb_Test_d.exe)
  called in RegisterWaitForInputIdle (kernel32.dll)
</pre></li>
</ul>
<br>Error output:<hr><pre>[AUNIT:ENDT][DIIAcdkObject_Test.dmi] End Test
[AUNIT:STRT][DIIAcdkObject_Test.exceptions] Start Test
**  WARN: AORB::reset(): Warning ORB is used somewhere
IOR:010000002500000049444c3a49444c3a6163646b782f6f72622f4163646b4f626a6563743a312e303a312e3000000000010000000000000068000000010102000d0000003139322e3136382e302e393500004505480000004143444b0d0000003139322e3136382e302e39350000000045050000900c00001d00000049444c3a6163646b782f6f72622f4163646b4f626a6563743a312e3000000000447f090100000000
[AUNIT:ERRR][DIIAcdkObject_Test.exceptions] Error in Test: DIIAcdkObject_Test.exceptions: No such Method: ::acdk::tools::aunit::DmiTestClass::DmiTestClass1
</pre>
</body></html>
