<html>
<head>
<meta http-equiv="Content-Type" content="text/html; charset=utf-8"></head>
<body>
<h1>Unit Test 2005-05-01T03:28:08</h1>
<a href="index.html">Back to Index</a><br>
<table border=0 width="100%"><tr><td bgcolor="green">TEST OK</td></tr></table>
Tests: 105; Failures: 0; Errors: 0<br>
<table border=0 width="100%"><tr><td bgcolor="ltgreen"> <a href="#ShellExecutor_Test.standard">ShellExecutor_Test.standard</a> <br>
</td></tr></table>
<table border=0 width="100%"><tr><td bgcolor="ltgreen"> <a href="#ShellExecutor_Test.viaProps">ShellExecutor_Test.viaProps</a> <br>
</td></tr></table>
<table border=0 width="100%"><tr><td bgcolor="ltgreen"> <a href="#ScriptDebug_Test.standard">ScriptDebug_Test.standard</a> <br>
</td></tr></table>
<table border=0 width="100%"><tr><td bgcolor="ltgreen"> <a href="#ScriptCom_Test.standard">ScriptCom_Test.standard</a> <br>
</td></tr></table>
<table border=0 width="100%"><tr><td bgcolor="ltgreen"> <a href="#15_ExtIntegerLiterals_Test.csf">15_ExtIntegerLiterals_Test.csf</a> <br>
</td></tr></table>
<table border=0 width="100%"><tr><td bgcolor="ltgreen"> <a href="#20_Float_Test.csf">20_Float_Test.csf</a> <br>
</td></tr></table>
<table border=0 width="100%"><tr><td bgcolor="ltgreen"> <a href="#23_Character_Test.csf">23_Character_Test.csf</a> <br>
</td></tr></table>
<table border=0 width="100%"><tr><td bgcolor="ltgreen"> <a href="#30_Arrays_Test.csf">30_Arrays_Test.csf</a> <br>
</td></tr></table>
<table border=0 width="100%"><tr><td bgcolor="ltgreen"> <a href="#40_TypeCasting_Test.csf">40_TypeCasting_Test.csf</a> <br>
</td></tr></table>
<table border=0 width="100%"><tr><td bgcolor="ltgreen"> <a href="#50_PragmaStrict_Test.csf">50_PragmaStrict_Test.csf</a> <br>
</td></tr></table>
<table border=0 width="100%"><tr><td bgcolor="ltgreen"> <a href="#60_TypeAlias_Test.csf">60_TypeAlias_Test.csf</a> <br>
</td></tr></table>
<table border=0 width="100%"><tr><td bgcolor="ltgreen"> <a href="#20_Composit_Test.csf">20_Composit_Test.csf</a> <br>
</td></tr></table>
<table border=0 width="100%"><tr><td bgcolor="ltgreen"> <a href="#15_Atom_Test.csf">15_Atom_Test.csf</a> <br>
</td></tr></table>
<table border=0 width="100%"><tr><td bgcolor="ltgreen"> <a href="#17_Cast_Test.csf">17_Cast_Test.csf</a> <br>
</td></tr></table>
<table border=0 width="100%"><tr><td bgcolor="ltgreen"> <a href="#40_EqualExpression_Test.csf">40_EqualExpression_Test.csf</a> <br>
</td></tr></table>
<table border=0 width="100%"><tr><td bgcolor="ltgreen"> <a href="#30_Streaming_Test.csf">30_Streaming_Test.csf</a> <br>
</td></tr></table>
<table border=0 width="100%"><tr><td bgcolor="ltgreen"> <a href="#88_BacktickShellExpression_Test.csf">88_BacktickShellExpression_Test.csf</a> <br>
</td></tr></table>
<table border=0 width="100%"><tr><td bgcolor="ltgreen"> <a href="#50_InstanceOfExpression_Test.csf">50_InstanceOfExpression_Test.csf</a> <br>
</td></tr></table>
<table border=0 width="100%"><tr><td bgcolor="ltgreen"> <a href="#60_LogicalExpression_Test.csf">60_LogicalExpression_Test.csf</a> <br>
</td></tr></table>
<table border=0 width="100%"><tr><td bgcolor="ltgreen"> <a href="#70_NewExpression_Test.csf">70_NewExpression_Test.csf</a> <br>
</td></tr></table>
<table border=0 width="100%"><tr><td bgcolor="ltgreen"> <a href="#80_ArrayLiteral_Test.csf">80_ArrayLiteral_Test.csf</a> <br>
</td></tr></table>
<table border=0 width="100%"><tr><td bgcolor="ltgreen"> <a href="#81_ArrayTypes_Test.csf">81_ArrayTypes_Test.csf</a> <br>
</td></tr></table>
<table border=0 width="100%"><tr><td bgcolor="ltgreen"> <a href="#85_PropsLiteral_Test.csf">85_PropsLiteral_Test.csf</a> <br>
</td></tr></table>
<table border=0 width="100%"><tr><td bgcolor="ltgreen"> <a href="#86_PropsLiteral2_Test.csf">86_PropsLiteral2_Test.csf</a> <br>
</td></tr></table>
<table border=0 width="100%"><tr><td bgcolor="ltgreen"> <a href="#87_BacktickExpression_Test.csf">87_BacktickExpression_Test.csf</a> <br>
</td></tr></table>
<table border=0 width="100%"><tr><td bgcolor="ltgreen"> <a href="#1_ForEach_Test.csf">1_ForEach_Test.csf</a> <br>
</td></tr></table>
<table border=0 width="100%"><tr><td bgcolor="ltgreen"> <a href="#20_With_Test.csf">20_With_Test.csf</a> <br>
</td></tr></table>
<table border=0 width="100%"><tr><td bgcolor="ltgreen"> <a href="#2_Loops_Test.csf">2_Loops_Test.csf</a> <br>
</td></tr></table>
<table border=0 width="100%"><tr><td bgcolor="ltgreen"> <a href="#30_If_Test.csf">30_If_Test.csf</a> <br>
</td></tr></table>
<table border=0 width="100%"><tr><td bgcolor="ltgreen"> <a href="#70_Switch_Test.csf">70_Switch_Test.csf</a> <br>
</td></tr></table>
<table border=0 width="100%"><tr><td bgcolor="ltgreen"> <a href="#21_ScriptMethodPolymorphicFunctions_Test.csf">21_ScriptMethodPolymorphicFunctions_Test.csf</a> <br>
</td></tr></table>
<table border=0 width="100%"><tr><td bgcolor="ltgreen"> <a href="#22_ScriptMethodWithDefaultArgument_Test.csf">22_ScriptMethodWithDefaultArgument_Test.csf</a> <br>
</td></tr></table>
<table border=0 width="100%"><tr><td bgcolor="ltgreen"> <a href="#30_ScriptInOutParameters_Test.csf">30_ScriptInOutParameters_Test.csf</a> <br>
</td></tr></table>
<table border=0 width="100%"><tr><td bgcolor="ltgreen"> <a href="#40_ScriptNamedParameter_Test.csf">40_ScriptNamedParameter_Test.csf</a> <br>
</td></tr></table>
<table border=0 width="100%"><tr><td bgcolor="ltgreen"> <a href="#50_ScriptRestParameter_Test.csf">50_ScriptRestParameter_Test.csf</a> <br>
</td></tr></table>
<table border=0 width="100%"><tr><td bgcolor="ltgreen"> <a href="#55_ScriptNamedRestParameter_Test.csf">55_ScriptNamedRestParameter_Test.csf</a> <br>
</td></tr></table>
<table border=0 width="100%"><tr><td bgcolor="ltgreen"> <a href="#60_CallSamples_Test.csf">60_CallSamples_Test.csf</a> <br>
</td></tr></table>
<table border=0 width="100%"><tr><td bgcolor="ltgreen"> <a href="#15_InterfaceDecl_Test.csf">15_InterfaceDecl_Test.csf</a> <br>
</td></tr></table>
<table border=0 width="100%"><tr><td bgcolor="ltgreen"> <a href="#10_ClassDecl_Test.csf">10_ClassDecl_Test.csf</a> <br>
</td></tr></table>
<table border=0 width="100%"><tr><td bgcolor="ltgreen"> <a href="#21_DerivedMemberAccess_Test.csf">21_DerivedMemberAccess_Test.csf</a> <br>
</td></tr></table>
<table border=0 width="100%"><tr><td bgcolor="ltgreen"> <a href="#20_ClassOverloading_Test.csf">20_ClassOverloading_Test.csf</a> <br>
</td></tr></table>
<table border=0 width="100%"><tr><td bgcolor="ltgreen"> <a href="#23_DerivedVirtualNativeCalls_Test.csf">23_DerivedVirtualNativeCalls_Test.csf</a> <br>
</td></tr></table>
<table border=0 width="100%"><tr><td bgcolor="ltgreen"> <a href="#22_DerivedVirtualCalls_Test.csf">22_DerivedVirtualCalls_Test.csf</a> <br>
</td></tr></table>
<table border=0 width="100%"><tr><td bgcolor="ltgreen"> <a href="#33_DerivedVirtualNativeSuperCalls_Test.csf">33_DerivedVirtualNativeSuperCalls_Test.csf</a> <br>
</td></tr></table>
<table border=0 width="100%"><tr><td bgcolor="ltgreen"> <a href="#24_ScriptMemberInitializer_Test.csf">24_ScriptMemberInitializer_Test.csf</a> <br>
</td></tr></table>
<table border=0 width="100%"><tr><td bgcolor="ltgreen"> <a href="#25_ScriptOperator_Test.csf">25_ScriptOperator_Test.csf</a> <br>
</td></tr></table>
<table border=0 width="100%"><tr><td bgcolor="ltgreen"> <a href="#26_StaticScriptCalls_Test.csf">26_StaticScriptCalls_Test.csf</a> <br>
</td></tr></table>
<table border=0 width="100%"><tr><td bgcolor="ltgreen"> <a href="#27_LamdaClassMethods_Test.csf">27_LamdaClassMethods_Test.csf</a> <br>
</td></tr></table>
<table border=0 width="100%"><tr><td bgcolor="ltgreen"> <a href="#30_ScriptEnum_Test.csf">30_ScriptEnum_Test.csf</a> <br>
</td></tr></table>
<table border=0 width="100%"><tr><td bgcolor="ltgreen"> <a href="#40_FreeFunction_Test.csf">40_FreeFunction_Test.csf</a> <br>
</td></tr></table>
<table border=0 width="100%"><tr><td bgcolor="ltgreen"> <a href="#35_NativeEnum_Test.csf">35_NativeEnum_Test.csf</a> <br>
</td></tr></table>
<table border=0 width="100%"><tr><td bgcolor="ltgreen"> <a href="#85_DelegateNative_Test.csf">85_DelegateNative_Test.csf</a> <br>
</td></tr></table>
<table border=0 width="100%"><tr><td bgcolor="ltgreen"> <a href="#50_Finalize_Test.csf">50_Finalize_Test.csf</a> <br>
</td></tr></table>
<table border=0 width="100%"><tr><td bgcolor="ltgreen"> <a href="#60_MetaInfo_Test.csf">60_MetaInfo_Test.csf</a> <br>
</td></tr></table>
<table border=0 width="100%"><tr><td bgcolor="ltgreen"> <a href="#61_NativeCast_Test.csf">61_NativeCast_Test.csf</a> <br>
</td></tr></table>
<table border=0 width="100%"><tr><td bgcolor="ltgreen"> <a href="#80_Delegate_Test.csf">80_Delegate_Test.csf</a> <br>
</td></tr></table>
<table border=0 width="100%"><tr><td bgcolor="ltgreen"> <a href="#90_Lambda_Test.csf">90_Lambda_Test.csf</a> <br>
</td></tr></table>
<table border=0 width="100%"><tr><td bgcolor="ltgreen"> <a href="#20_CxxCompait_Test.csf">20_CxxCompait_Test.csf</a> <br>
</td></tr></table>
<table border=0 width="100%"><tr><td bgcolor="ltgreen"> <a href="#10_RegExp_Test.csf">10_RegExp_Test.csf</a> <br>
</td></tr></table>
<table border=0 width="100%"><tr><td bgcolor="ltgreen"> <a href="#30_CfgClassLoader_Test.csf">30_CfgClassLoader_Test.csf</a> <br>
</td></tr></table>
<table border=0 width="100%"><tr><td bgcolor="ltgreen"> <a href="#50_SyntexError_Test.csf">50_SyntexError_Test.csf</a> <br>
</td></tr></table>
<table border=0 width="100%"><tr><td bgcolor="ltgreen"> <a href="#40_Globals_Test.csf">40_Globals_Test.csf</a> <br>
</td></tr></table>
<table border=0 width="100%"><tr><td bgcolor="ltgreen"> <a href="#80_Performance_Test.csf">80_Performance_Test.csf</a> <br>
</td></tr></table>
<table border=0 width="100%"><tr><td bgcolor="ltgreen"> <a href="#60_InOutByVal_Test.csf">60_InOutByVal_Test.csf</a> <br>
</td></tr></table>
<table border=0 width="100%"><tr><td bgcolor="ltgreen"> <a href="#70_Eval_Test.csf">70_Eval_Test.csf</a> <br>
</td></tr></table>
<table border=0 width="100%"><tr><td bgcolor="ltgreen"> <a href="#81_HashBang_Test.csf">81_HashBang_Test.csf</a> <br>
</td></tr></table>
<table border=0 width="100%"><tr><td bgcolor="ltgreen"> <a href="#82_HashBang2_Test.csf">82_HashBang2_Test.csf</a> <br>
</td></tr></table>
<table border=0 width="100%"><tr><td bgcolor="ltgreen"> <a href="#90_Template_Test.csf">90_Template_Test.csf</a> <br>
</td></tr></table>
<table border=0 width="100%"><tr><td bgcolor="ltgreen"> <a href="#ScriptStatements_Test.ifCondition">ScriptStatements_Test.ifCondition</a> <br>
</td></tr></table>
<table border=0 width="100%"><tr><td bgcolor="ltgreen"> <a href="#ScriptStatements_Test.with">ScriptStatements_Test.with</a> <br>
</td></tr></table>
<table border=0 width="100%"><tr><td bgcolor="ltgreen"> <a href="#ScriptStatements_Test.whileStm">ScriptStatements_Test.whileStm</a> <br>
</td></tr></table>
<table border=0 width="100%"><tr><td bgcolor="ltgreen"> <a href="#ScriptStatements_Test.doStm">ScriptStatements_Test.doStm</a> <br>
</td></tr></table>
<table border=0 width="100%"><tr><td bgcolor="ltgreen"> <a href="#ScriptStatements_Test.forStm">ScriptStatements_Test.forStm</a> <br>
</td></tr></table>
<table border=0 width="100%"><tr><td bgcolor="ltgreen"> <a href="#ScriptStatements_Test.usingStm">ScriptStatements_Test.usingStm</a> <br>
</td></tr></table>
<table border=0 width="100%"><tr><td bgcolor="ltgreen"> <a href="#ScriptStatements_Test.tryCatch">ScriptStatements_Test.tryCatch</a> <br>
</td></tr></table>
<table border=0 width="100%"><tr><td bgcolor="ltgreen"> <a href="#Script_Test.standard">Script_Test.standard</a> <br>
</td></tr></table>
<table border=0 width="100%"><tr><td bgcolor="ltgreen"> <a href="#Script_Test.basicTypes">Script_Test.basicTypes</a> <br>
</td></tr></table>
<table border=0 width="100%"><tr><td bgcolor="ltgreen"> <a href="#Script_Test.functions">Script_Test.functions</a> <br>
</td></tr></table>
<table border=0 width="100%"><tr><td bgcolor="ltgreen"> <a href="#Script_Test.stackFunctionCalls">Script_Test.stackFunctionCalls</a> <br>
</td></tr></table>
<table border=0 width="100%"><tr><td bgcolor="ltgreen"> <a href="#Script_Test.plus">Script_Test.plus</a> <br>
</td></tr></table>
<table border=0 width="100%"><tr><td bgcolor="ltgreen"> <a href="#Script_Test.arithmetic">Script_Test.arithmetic</a> <br>
</td></tr></table>
<table border=0 width="100%"><tr><td bgcolor="ltgreen"> <a href="#Script_Test.complexPlus">Script_Test.complexPlus</a> <br>
</td></tr></table>
<table border=0 width="100%"><tr><td bgcolor="ltgreen"> <a href="#Script_Test.postAndPrefixOps">Script_Test.postAndPrefixOps</a> <br>
</td></tr></table>
<table border=0 width="100%"><tr><td bgcolor="ltgreen"> <a href="#Script_Test.newExpression">Script_Test.newExpression</a> <br>
</td></tr></table>
<table border=0 width="100%"><tr><td bgcolor="ltgreen"> <a href="#Script_Test.namedArgs">Script_Test.namedArgs</a> <br>
</td></tr></table>
<table border=0 width="100%"><tr><td bgcolor="ltgreen"> <a href="#Script_Test.atom">Script_Test.atom</a> <br>
</td></tr></table>
<table border=0 width="100%"><tr><td bgcolor="ltgreen"> <a href="#Script_Test.peek_poke">Script_Test.peek_poke</a> <br>
</td></tr></table>
<table border=0 width="100%"><tr><td bgcolor="ltgreen"> <a href="#Script_Test.statics">Script_Test.statics</a> <br>
</td></tr></table>
<table border=0 width="100%"><tr><td bgcolor="ltgreen"> <a href="#Script_Test.chainedCalls">Script_Test.chainedCalls</a> <br>
</td></tr></table>
<table border=0 width="100%"><tr><td bgcolor="ltgreen"> <a href="#Script_Test.equalStm">Script_Test.equalStm</a> <br>
</td></tr></table>
<table border=0 width="100%"><tr><td bgcolor="ltgreen"> <a href="#Script_Test.syntaxError">Script_Test.syntaxError</a> <br>
</td></tr></table>
<table border=0 width="100%"><tr><td bgcolor="ltgreen"> <a href="#Script_Test.methods">Script_Test.methods</a> <br>
</td></tr></table>
<table border=0 width="100%"><tr><td bgcolor="ltgreen"> <a href="#Script_Test.classDecl">Script_Test.classDecl</a> <br>
</td></tr></table>
<table border=0 width="100%"><tr><td bgcolor="ltgreen"> <a href="#Script_Test.derivedClassDecl">Script_Test.derivedClassDecl</a> <br>
</td></tr></table>
<table border=0 width="100%"><tr><td bgcolor="ltgreen"> <a href="#Script_Test.strongTypes">Script_Test.strongTypes</a> <br>
</td></tr></table>
<table border=0 width="100%"><tr><td bgcolor="ltgreen"> <a href="#Script_Test.arrays">Script_Test.arrays</a> <br>
</td></tr></table>
<table border=0 width="100%"><tr><td bgcolor="ltgreen"> <a href="#Script_Test.typeDecl">Script_Test.typeDecl</a> <br>
</td></tr></table>
<table border=0 width="100%"><tr><td bgcolor="ltgreen"> <a href="#Script_Test.instanceOfExpr">Script_Test.instanceOfExpr</a> <br>
</td></tr></table>
<table border=0 width="100%"><tr><td bgcolor="ltgreen"> <a href="#Script_Test.enumerations">Script_Test.enumerations</a> <br>
</td></tr></table>
<table border=0 width="100%"><tr><td bgcolor="ltgreen"> <a href="#Script_Test.scriptDelegate">Script_Test.scriptDelegate</a> <br>
</td></tr></table>
<table border=0 width="100%"><tr><td bgcolor="ltgreen"> <a href="#Script_Test.misc">Script_Test.misc</a> <br>
</td></tr></table>
<table border=0 width="100%"><tr><td bgcolor="ltgreen"> <a href="#Script_Test.templateText">Script_Test.templateText</a> <br>
</td></tr></table>
<table border=0 width="100%"><tr><td bgcolor="ltgreen"> <a href="#Props_Test.standard">Props_Test.standard</a> <br>
</td></tr></table>
<table border=0 width="100%"><tr><td bgcolor="ltgreen"> <a href="#Props_Test.propsViaScript">Props_Test.propsViaScript</a> <br>
</td></tr></table>
<table border=0 width="100%"><tr><td bgcolor="ltgreen"> <a href="#Props_Test.scriptInEval">Props_Test.scriptInEval</a> <br>
</td></tr></table>
<h2><a id="ShellExecutor_Test.standard">ShellExecutor_Test.standard</a></h2>
<table border=0 width="100%"><tr><td bgcolor="green">Test OK with 0  Test Expressions</td></tr></table>
<br>Error output:<hr><pre>[AUNIT:STRT][ShellExecutor_Test.standard] Start Test
[AUNIT:STRT] Start Test: ShellExecutor_Test.standard
aal
acdk_all.bcc
acdk_all.bsd
acdk_all.dsw
acdk_all.linux
acdk_all.nmake
acdk_all.nmake7
acdk_all.sunos-gcc
acdk_all.vc6.compile.cmd
acdk_boot
acdk_core
acdk_doc_urlify
acdkenv.cmd
acdkenv.linux
acdk_globals.bcc
acdk_globals.bsd
acdk_globals.darwin
acdk_globals.kylix
acdk_globals.linux
acdk_globals.mingw
acdk_globals.nmake
acdk_globals.nmake7
acdk_globals.sunos-gcc
acdk_globals.sunos-ws6
acdk_java
acdk_lisp
acdk_make
acdk_net
acdk_perl
acdk_python
acdk_sql
acdk_sql_odbc
acdk_sql_sqlite
acdk_tcl
acdk_text
acdk_tools
acdk_tools_java2acdk
acdk_tools_java2cpp
acdk_tools_modtests
acdk_tutorial
acdk_vfile
acdk_wx
acdkx_com
acdk_xml
acdkx_orb
acdkx_rdmi
acdkx_servlet
acdkx_sol
bin
build.csf
cfg
ChangeLog
CVS
distrib
DistribInfo
docs
DONE
include
index.htxt
make_all.log
make_bcc.cmd
Makefile
Makefile.linux
make_mod7.cmd
make_mod.cmd
README
startvstudio2005expr.cmd
startvstudio6.cmd
startvstudio7.cmd
testreports
TODO
executed ls /export/home/roger/src/artefaktur/acdk:
aal
acdk_all.bcc
acdk_all.bsd
acdk_all.dsw
acdk_all.linux
acdk_all.nmake
acdk_all.nmake7
acdk_all.sunos-gcc
acdk_all.vc6.compile.cmd
acdk_boot
acdk_core
acdk_doc_urlify
acdkenv.cmd
acdkenv.linux
acdk_globals.bcc
acdk_globals.bsd
acdk_globals.darwin
acdk_globals.kylix
acdk_globals.linux
acdk_globals.mingw
acdk_globals.nmake
acdk_globals.nmake7
acdk_globals.sunos-gcc
acdk_globals.sunos-ws6
acdk_java
acdk_lisp
acdk_make
acdk_net
acdk_perl
acdk_python
acdk_sql
acdk_sql_odbc
acdk_sql_sqlite
acdk_tcl
acdk_text
acdk_tools
acdk_tools_java2acdk
acdk_tools_java2cpp
acdk_tools_modtests
acdk_tutorial
acdk_vfile
acdk_wx
acdkx_com
acdk_xml
acdkx_orb
acdkx_rdmi
acdkx_servlet
acdkx_sol
bin
build.csf
cfg
ChangeLog
CVS
distrib
DistribInfo
docs
DONE
include
index.htxt
make_all.log
make_bcc.cmd
Makefile
Makefile.linux
make_mod7.cmd
make_mod.cmd
README
startvstudio2005expr.cmd
startvstudio6.cmd
startvstudio7.cmd
testreports
TODO

</pre>
<h2><a id="ShellExecutor_Test.viaProps">ShellExecutor_Test.viaProps</a></h2>
<table border=0 width="100%"><tr><td bgcolor="green">Test OK with 0  Test Expressions</td></tr></table>
<br>Error output:<hr><pre>[AUNIT:ENDT][ShellExecutor_Test.standard] End Test
[AUNIT:ENDT] End Test: ShellExecutor_Test.standard
[AUNIT:STRT][ShellExecutor_Test.viaProps] Start Test
[AUNIT:STRT] Start Test: ShellExecutor_Test.viaProps
executed: `ls /export/home/roger/src/artefaktur/acdk`:
`ls /export/home/roger/src/artefaktur/acdk`
</pre>
<h2><a id="ScriptDebug_Test.standard">ScriptDebug_Test.standard</a></h2>
<table border=0 width="100%"><tr><td bgcolor="green">Test OK with 0  Test Expressions</td></tr></table>
<br>Error output:<hr><pre>[AUNIT:ENDT][ShellExecutor_Test.viaProps] End Test
[AUNIT:ENDT] End Test: ShellExecutor_Test.viaProps
[AUNIT:STRT][ScriptDebug_Test.standard] Start Test
[AUNIT:STRT] Start Test: ScriptDebug_Test.standard
Skip interactive Test
</pre>
<h2><a id="ScriptCom_Test.standard">ScriptCom_Test.standard</a></h2>
<table border=0 width="100%"><tr><td bgcolor="green">Test OK with 0  Test Expressions</td></tr></table>
<br>Error output:<hr><pre>[AUNIT:ENDT][ScriptDebug_Test.standard] End Test
[AUNIT:ENDT] End Test: ScriptDebug_Test.standard
[AUNIT:STRT][ScriptCom_Test.standard] Start Test
[AUNIT:STRT] Start Test: ScriptCom_Test.standard
</pre>
<h2><a id="15_ExtIntegerLiterals_Test.csf">15_ExtIntegerLiterals_Test.csf</a></h2>
<table border=0 width="100%"><tr><td bgcolor="green">Test OK with 0  Test Expressions</td></tr></table>
<br>Error output:<hr><pre>[AUNIT:ENDT][ScriptCom_Test.standard] End Test
[AUNIT:ENDT] End Test: ScriptCom_Test.standard
[AUNIT:STRT][15_ExtIntegerLiterals_Test.csf] Start Test
[AUNIT:STRT] Start Test: 15_ExtIntegerLiterals_Test.csf
TEST OK
</pre>
<h2><a id="20_Float_Test.csf">20_Float_Test.csf</a></h2>
<table border=0 width="100%"><tr><td bgcolor="green">Test OK with 0  Test Expressions</td></tr></table>
<br>Error output:<hr><pre>[AUNIT:ENDT][15_ExtIntegerLiterals_Test.csf] End Test
[AUNIT:ENDT] End Test: 15_ExtIntegerLiterals_Test.csf
[AUNIT:STRT][20_Float_Test.csf] Start Test
[AUNIT:STRT] Start Test: 20_Float_Test.csf
Erg Double: 0.000000 == 0.500000
Erg Int: 3
12e3 class: float
12e3d class: double
-12s class: short
</pre>
<h2><a id="23_Character_Test.csf">23_Character_Test.csf</a></h2>
<table border=0 width="100%"><tr><td bgcolor="green">Test OK with 0  Test Expressions</td></tr></table>
<br>Error output:<hr><pre>[AUNIT:ENDT][20_Float_Test.csf] End Test
[AUNIT:ENDT] End Test: 20_Float_Test.csf
[AUNIT:STRT][23_Character_Test.csf] Start Test
[AUNIT:STRT] Start Test: 23_Character_Test.csf
TEST OK
TEST OK
lc: ue=ü; ae=ä; oe=ö; uc: UE=Ü; AE=Ä; OE=Ö; = UE=Ü; AE=Ä; OE=Ö
TEST OK
</pre>
<h2><a id="30_Arrays_Test.csf">30_Arrays_Test.csf</a></h2>
<table border=0 width="100%"><tr><td bgcolor="green">Test OK with 0  Test Expressions</td></tr></table>
<br>Error output:<hr><pre>[AUNIT:ENDT][23_Character_Test.csf] End Test
[AUNIT:ENDT] End Test: 23_Character_Test.csf
[AUNIT:STRT][30_Arrays_Test.csf] Start Test
[AUNIT:STRT] Start Test: 30_Arrays_Test.csf
expected ParamsMismatchException: Cannot cast type [::acdk::lang::RObject] to [::acdk::lang::RString]
TEST OK
</pre>
<h2><a id="40_TypeCasting_Test.csf">40_TypeCasting_Test.csf</a></h2>
<table border=0 width="100%"><tr><td bgcolor="green">Test OK with 0  Test Expressions</td></tr></table>
<br>Error output:<hr><pre>[AUNIT:ENDT][30_Arrays_Test.csf] End Test
[AUNIT:ENDT] End Test: 30_Arrays_Test.csf
[AUNIT:STRT][40_TypeCasting_Test.csf] Start Test
[AUNIT:STRT] Start Test: 40_TypeCasting_Test.csf
i: 4
class1: int
class1a: int
class2: short
class3: int
TEST OK
TEST OK
</pre>
<h2><a id="50_PragmaStrict_Test.csf">50_PragmaStrict_Test.csf</a></h2>
<table border=0 width="100%"><tr><td bgcolor="green">Test OK with 0  Test Expressions</td></tr></table>
<br>Error output:<hr><pre>[AUNIT:ENDT][40_TypeCasting_Test.csf] End Test
[AUNIT:ENDT] End Test: 40_TypeCasting_Test.csf
[AUNIT:STRT][50_PragmaStrict_Test.csf] Start Test
[AUNIT:STRT] Start Test: 50_PragmaStrict_Test.csf
expected exception: Variable i is not defined in this property scope
TEST OK
TEST OK
</pre>
<h2><a id="60_TypeAlias_Test.csf">60_TypeAlias_Test.csf</a></h2>
<table border=0 width="100%"><tr><td bgcolor="green">Test OK with 0  Test Expressions</td></tr></table>
<br>Error output:<hr><pre>[AUNIT:ENDT][50_PragmaStrict_Test.csf] End Test
[AUNIT:ENDT] End Test: 50_PragmaStrict_Test.csf
[AUNIT:STRT][60_TypeAlias_Test.csf] Start Test
[AUNIT:STRT] Start Test: 60_TypeAlias_Test.csf
</pre>
<h2><a id="20_Composit_Test.csf">20_Composit_Test.csf</a></h2>
<table border=0 width="100%"><tr><td bgcolor="green">Test OK with 0  Test Expressions</td></tr></table>
<br>Error output:<hr><pre>[AUNIT:ENDT][60_TypeAlias_Test.csf] End Test
[AUNIT:ENDT] End Test: 60_TypeAlias_Test.csf
[AUNIT:STRT][20_Composit_Test.csf] Start Test
[AUNIT:STRT] Start Test: 20_Composit_Test.csf
</pre>
<h2><a id="15_Atom_Test.csf">15_Atom_Test.csf</a></h2>
<table border=0 width="100%"><tr><td bgcolor="green">Test OK with 0  Test Expressions</td></tr></table>
<br>Error output:<hr><pre>[AUNIT:ENDT][20_Composit_Test.csf] End Test
[AUNIT:ENDT] End Test: 20_Composit_Test.csf
[AUNIT:STRT][15_Atom_Test.csf] Start Test
[AUNIT:STRT] Start Test: 15_Atom_Test.csf
asdf
5.500000
10.000000
TEST OK

</pre>
<h2><a id="17_Cast_Test.csf">17_Cast_Test.csf</a></h2>
<table border=0 width="100%"><tr><td bgcolor="green">Test OK with 0  Test Expressions</td></tr></table>
<br>Error output:<hr><pre>[AUNIT:ENDT][15_Atom_Test.csf] End Test
[AUNIT:ENDT] End Test: 15_Atom_Test.csf
[AUNIT:STRT][17_Cast_Test.csf] Start Test
[AUNIT:STRT] Start Test: 17_Cast_Test.csf
stringified bool true is: 1
last sval was: 32767
i is: 2
stringified bool true is: 1
</pre>
<h2><a id="40_EqualExpression_Test.csf">40_EqualExpression_Test.csf</a></h2>
<table border=0 width="100%"><tr><td bgcolor="green">Test OK with 0  Test Expressions</td></tr></table>
<br>Error output:<hr><pre>[AUNIT:ENDT][17_Cast_Test.csf] End Test
[AUNIT:ENDT] End Test: 17_Cast_Test.csf
[AUNIT:STRT][40_EqualExpression_Test.csf] Start Test
[AUNIT:STRT] Start Test: 40_EqualExpression_Test.csf
TEST OK
TEST OK
TEST OK
TEST OK
TEST OK
</pre>
<h2><a id="30_Streaming_Test.csf">30_Streaming_Test.csf</a></h2>
<table border=0 width="100%"><tr><td bgcolor="green">Test OK with 0  Test Expressions</td></tr></table>
<br>Error output:<hr><pre>[AUNIT:ENDT][40_EqualExpression_Test.csf] End Test
[AUNIT:ENDT] End Test: 40_EqualExpression_Test.csf
[AUNIT:STRT][30_Streaming_Test.csf] Start Test
[AUNIT:STRT] Start Test: 30_Streaming_Test.csf
Runned Test: 139

This is Text with text and 1 number
endoftext
</pre>
<h2><a id="88_BacktickShellExpression_Test.csf">88_BacktickShellExpression_Test.csf</a></h2>
<table border=0 width="100%"><tr><td bgcolor="green">Test OK with 0  Test Expressions</td></tr></table>
<br>Error output:<hr><pre>[AUNIT:ENDT][30_Streaming_Test.csf] End Test
[AUNIT:ENDT] End Test: 30_Streaming_Test.csf
[AUNIT:STRT][88_BacktickShellExpression_Test.csf] Start Test
[AUNIT:STRT] Start Test: 88_BacktickShellExpression_Test.csf
executing: ls /export/home/roger/src/artefaktur/acdk
aal
acdk_all.bcc
acdk_all.bsd
acdk_all.dsw
acdk_all.linux
acdk_all.nmake
acdk_all.nmake7
acdk_all.sunos-gcc
acdk_all.vc6.compile.cmd
acdk_boot
acdk_core
acdk_doc_urlify
acdkenv.cmd
acdkenv.linux
acdk_globals.bcc
acdk_globals.bsd
acdk_globals.darwin
acdk_globals.kylix
acdk_globals.linux
acdk_globals.mingw
acdk_globals.nmake
acdk_globals.nmake7
acdk_globals.sunos-gcc
acdk_globals.sunos-ws6
acdk_java
acdk_lisp
acdk_make
acdk_net
acdk_perl
acdk_python
acdk_sql
acdk_sql_odbc
acdk_sql_sqlite
acdk_tcl
acdk_text
acdk_tools
acdk_tools_java2acdk
acdk_tools_java2cpp
acdk_tools_modtests
acdk_tutorial
acdk_vfile
acdk_wx
acdkx_com
acdk_xml
acdkx_orb
acdkx_rdmi
acdkx_servlet
acdkx_sol
bin
build.csf
cfg
ChangeLog
CVS
distrib
DistribInfo
docs
DONE
include
index.htxt
make_all.log
make_bcc.cmd
Makefile
Makefile.linux
make_mod7.cmd
make_mod.cmd
README
startvstudio2005expr.cmd
startvstudio6.cmd
startvstudio7.cmd
testreports
TODO
executed ls /export/home/roger/src/artefaktur/acdk:
aal
acdk_all.bcc
acdk_all.bsd
acdk_all.dsw
acdk_all.linux
acdk_all.nmake
acdk_all.nmake7
acdk_all.sunos-gcc
acdk_all.vc6.compile.cmd
acdk_boot
acdk_core
acdk_doc_urlify
acdkenv.cmd
acdkenv.linux
acdk_globals.bcc
acdk_globals.bsd
acdk_globals.darwin
acdk_globals.kylix
acdk_globals.linux
acdk_globals.mingw
acdk_globals.nmake
acdk_globals.nmake7
acdk_globals.sunos-gcc
acdk_globals.sunos-ws6
acdk_java
acdk_lisp
acdk_make
acdk_net
acdk_perl
acdk_python
acdk_sql
acdk_sql_odbc
acdk_sql_sqlite
acdk_tcl
acdk_text
acdk_tools
acdk_tools_java2acdk
acdk_tools_java2cpp
acdk_tools_modtests
acdk_tutorial
acdk_vfile
acdk_wx
acdkx_com
acdk_xml
acdkx_orb
acdkx_rdmi
acdkx_servlet
acdkx_sol
bin
build.csf
cfg
ChangeLog
CVS
distrib
DistribInfo
docs
DONE
include
index.htxt
make_all.log
make_bcc.cmd
Makefile
Makefile.linux
make_mod7.cmd
make_mod.cmd
README
startvstudio2005expr.cmd
startvstudio6.cmd
startvstudio7.cmd
testreports
TODO

${hello} is hello
executing: ls /export/home/roger/src/artefaktur/acdk
Output is: aal
acdk_all.bcc
acdk_all.bsd
acdk_all.dsw
acdk_all.linux
acdk_all.nmake
acdk_all.nmake7
acdk_all.sunos-gcc
acdk_all.vc6.compile.cmd
acdk_boot
acdk_core
acdk_doc_urlify
acdkenv.cmd
acdkenv.linux
acdk_globals.bcc
acdk_globals.bsd
acdk_globals.darwin
acdk_globals.kylix
acdk_globals.linux
acdk_globals.mingw
acdk_globals.nmake
acdk_globals.nmake7
acdk_globals.sunos-gcc
acdk_globals.sunos-ws6
acdk_java
acdk_lisp
acdk_make
acdk_net
acdk_perl
acdk_python
acdk_sql
acdk_sql_odbc
acdk_sql_sqlite
acdk_tcl
acdk_text
acdk_tools
acdk_tools_java2acdk
acdk_tools_java2cpp
acdk_tools_modtests
acdk_tutorial
acdk_vfile
acdk_wx
acdkx_com
acdk_xml
acdkx_orb
acdkx_rdmi
acdkx_servlet
acdkx_sol
bin
build.csf
cfg
ChangeLog
CVS
distrib
DistribInfo
docs
DONE
include
index.htxt
make_all.log
make_bcc.cmd
Makefile
Makefile.linux
make_mod7.cmd
make_mod.cmd
README
startvstudio2005expr.cmd
startvstudio6.cmd
startvstudio7.cmd
testreports
TODO
PATH from shell is: /usr/bin::/usr/openwin/bin:/bin:/usr/ucb:/usr/openwin/bin:/usr/dt/bin:/opt/sfw/bin:/opt/sfw/kde/bin:/opt/sfw/bin:/opt/sfw/kde/bin
cancel process out: 
</pre>
<h2><a id="50_InstanceOfExpression_Test.csf">50_InstanceOfExpression_Test.csf</a></h2>
<table border=0 width="100%"><tr><td bgcolor="green">Test OK with 0  Test Expressions</td></tr></table>
<br>Error output:<hr><pre>[AUNIT:ENDT][88_BacktickShellExpression_Test.csf] End Test
[AUNIT:ENDT] End Test: 88_BacktickShellExpression_Test.csf
[AUNIT:STRT][50_InstanceOfExpression_Test.csf] Start Test
[AUNIT:STRT] Start Test: 50_InstanceOfExpression_Test.csf
TEST OK
</pre>
<h2><a id="60_LogicalExpression_Test.csf">60_LogicalExpression_Test.csf</a></h2>
<table border=0 width="100%"><tr><td bgcolor="green">Test OK with 0  Test Expressions</td></tr></table>
<br>Error output:<hr><pre>[AUNIT:ENDT][50_InstanceOfExpression_Test.csf] End Test
[AUNIT:ENDT] End Test: 50_InstanceOfExpression_Test.csf
[AUNIT:STRT][60_LogicalExpression_Test.csf] Start Test
[AUNIT:STRT] Start Test: 60_LogicalExpression_Test.csf
OK
OK
</pre>
<h2><a id="70_NewExpression_Test.csf">70_NewExpression_Test.csf</a></h2>
<table border=0 width="100%"><tr><td bgcolor="green">Test OK with 0  Test Expressions</td></tr></table>
<br>Error output:<hr><pre>[AUNIT:ENDT][60_LogicalExpression_Test.csf] End Test
[AUNIT:ENDT] End Test: 60_LogicalExpression_Test.csf
[AUNIT:STRT][70_NewExpression_Test.csf] Start Test
[AUNIT:STRT] Start Test: 70_NewExpression_Test.csf
</pre>
<h2><a id="80_ArrayLiteral_Test.csf">80_ArrayLiteral_Test.csf</a></h2>
<table border=0 width="100%"><tr><td bgcolor="green">Test OK with 0  Test Expressions</td></tr></table>
<br>Error output:<hr><pre>[AUNIT:ENDT][70_NewExpression_Test.csf] End Test
[AUNIT:ENDT] End Test: 70_NewExpression_Test.csf
[AUNIT:STRT][80_ArrayLiteral_Test.csf] Start Test
[AUNIT:STRT] Start Test: 80_ArrayLiteral_Test.csf
TEST OK
a
b
c
a
b
c
[1, 2]
[1, [2, 3]]
[ACDK,  Script]
 | 1
 | 2
</pre>
<h2><a id="81_ArrayTypes_Test.csf">81_ArrayTypes_Test.csf</a></h2>
<table border=0 width="100%"><tr><td bgcolor="green">Test OK with 0  Test Expressions</td></tr></table>
<br>Error output:<hr><pre>[AUNIT:ENDT][80_ArrayLiteral_Test.csf] End Test
[AUNIT:ENDT] End Test: 80_ArrayLiteral_Test.csf
[AUNIT:STRT][81_ArrayTypes_Test.csf] Start Test
[AUNIT:STRT] Start Test: 81_ArrayTypes_Test.csf
numarr.getClass().getName(): [acdk/lang/Number
ia lit: [acdk/lang/dmi/DmiObject
ia: [acdk/lang/Number
NumberArray: [acdk/lang/Number
as: [acdk/lang/Number
</pre>
<h2><a id="85_PropsLiteral_Test.csf">85_PropsLiteral_Test.csf</a></h2>
<table border=0 width="100%"><tr><td bgcolor="green">Test OK with 0  Test Expressions</td></tr></table>
<br>Error output:<hr><pre>[AUNIT:ENDT][81_ArrayTypes_Test.csf] End Test
[AUNIT:ENDT] End Test: 81_ArrayTypes_Test.csf
[AUNIT:STRT][85_PropsLiteral_Test.csf] Start Test
[AUNIT:STRT] Start Test: 85_PropsLiteral_Test.csf
{ c: { d: 2 },b: 1 }
TEST OK
</pre>
<h2><a id="86_PropsLiteral2_Test.csf">86_PropsLiteral2_Test.csf</a></h2>
<table border=0 width="100%"><tr><td bgcolor="green">Test OK with 0  Test Expressions</td></tr></table>
<br>Error output:<hr><pre>[AUNIT:ENDT][85_PropsLiteral_Test.csf] End Test
[AUNIT:ENDT] End Test: 85_PropsLiteral_Test.csf
[AUNIT:STRT][86_PropsLiteral2_Test.csf] Start Test
[AUNIT:STRT] Start Test: 86_PropsLiteral2_Test.csf
{
  c: {
    d: "ACDK",
    e: [
      "a",
      "b",
      "c"
    ],
    f: "${a.b}",
    g: "${place.getLocation()}"
  },
  a: 1,
  b: [
    42,
    43
  ]
}
</pre>
<h2><a id="87_BacktickExpression_Test.csf">87_BacktickExpression_Test.csf</a></h2>
<table border=0 width="100%"><tr><td bgcolor="green">Test OK with 0  Test Expressions</td></tr></table>
<br>Error output:<hr><pre>[AUNIT:ENDT][86_PropsLiteral2_Test.csf] End Test
[AUNIT:ENDT] End Test: 86_PropsLiteral2_Test.csf
[AUNIT:STRT][87_BacktickExpression_Test.csf] Start Test
[AUNIT:STRT] Start Test: 87_BacktickExpression_Test.csf
TEST OK
i + 1 is 43
TEST OK
TEST OK
TEST OK
</pre>
<h2><a id="1_ForEach_Test.csf">1_ForEach_Test.csf</a></h2>
<table border=0 width="100%"><tr><td bgcolor="green">Test OK with 0  Test Expressions</td></tr></table>
<br>Error output:<hr><pre>[AUNIT:ENDT][87_BacktickExpression_Test.csf] End Test
[AUNIT:ENDT] End Test: 87_BacktickExpression_Test.csf
[AUNIT:STRT][1_ForEach_Test.csf] Start Test
[AUNIT:STRT] Start Test: 1_ForEach_Test.csf
user.language:en
user.home:/export/home/roger
path.separator::
user.encoding:utf-8
acdk.net.urlfactories.ftp:acdk/net/ftp/FTPUrlStreamHandlerFactory
file.separator:/
acdk.vm.name:ACDK 4.14.0
acdk.lang.ClassLoader.libalias.org_w3c:org_xml
-htmlreport:
user.variant:
acdk.io.filesystem.protocol.container.3:.TAR@=acdk/vfile/zip/TarFileSystemFactory
acdk.io.filesystem.protocol.container.2:.tar@=acdk/vfile/tar/TarFileSystemFactory
acdk.net.urlfactories.https:acdkx/net/ssl/HTTPSUrlStreamHandlerFactory
acdk.io.filesystem.protocol.container.1:.ZIP@=acdk/vfile/zip/ZipFileSystemFactory
acdk.io.filesystem.protocol.container.0:.zip@=acdk/vfile/zip/ZipFileSystemFactory
user.region:US
acdk.io.filesystem.protocol.url.1:http://=acdk/net/UrlFileSystemFactory
ACDKHOME:/export/home/roger/src/artefaktur/acdk
acdk.io.filesystem.protocol.url.0:ftp://=acdk/net/ftp/FTPFileSystemFactory
acdk.vm.version:41400
os.arch:Nil
os.name:Nil
line.separator:

acdk.io.tmpdir:Nil
acdk.vm.vendor:Ing.Buero Kommer, Artefaktur
user.name:roger
KONSOLE_DCOP:DCOPRef(,konsole)
_:../bin/acdk_cfgscript_Test
LC_MESSAGES:en_US.UTF-8
AB_CARDCATALOG:/usr/dt/share/answerbooks/en_US.UTF-8/ab_cardcatalog
DISPLAY::0.0
TERM:xterm
USER:roger
KONSOLE_DCOP_SESSION:DCOPRef(,session-2)
MAKEFLAGS:w
MFLAGS:-w
HELPPATH:/usr/openwin/lib/locale:/usr/openwin/lib/help
OPENWINHOME:/usr/openwin
GNOME_DESKTOP_SESSION_ID:Default
TZ:Europe/Berlin
PWD:/export/home/roger/src/artefaktur/acdk/acdk_core
EDITOR:/usr/dt/bin/dtpad
SESSION_MANAGER:local/unknown:/tmp/.ICE-unix/596,inet6/unknown:32853,inet/unknown:32854
DTHELPSEARCHPATH:/export/home/roger/.dt/help/roger-unknown-0/%H:/export/home/roger/.dt/help/roger-unknown-0/%H.sdl:/export/home/roger/.dt/help/roger-unknown-0/%H.hv:/export/home/roger/.dt/help/%H:/export/home/roger/.dt/help/%H.sdl:/export/home/roger/.dt/help/%H.hv:/usr/dt/appconfig/help/%L/%H:/usr/dt/appconfig/help/%L/%H.sdl:/usr/dt/appconfig/help/%L/%H.hv:/usr/dt/appconfig/help/C/%H:/usr/dt/appconfig/help/C/%H.sdl:/usr/dt/appconfig/help/C/%H.hv
HOME:/export/home/roger
DTSCREENSAVERLIST:StartDtscreenSwarm StartDtscreenQix     StartDtscreenFlame StartDtscreenHop StartDtscreenImage StartDtscreenLife     StartDtscreenRotor StartDtscreenPyro StartDtscreenWorm StartDtscreenBlank
WINDOWID:9437226
MANPATH:/usr/dt/man:/usr/man:/usr/openwin/share/man
LD_LIBRARY_PATH:/opt/sfw/lib:/export/home/roger/src/artefaktur/acdk/bin
SDT_NO_TOOLTALK:1
GNOME_KEYRING_SOCKET:/var/tmp/keyring-TRhr7c/socket
SESSION_SVR:unknown
CVS_RSH:ssh
LANG:en_US.UTF-8
MAIL:/var/mail/roger
XMICONSEARCHPATH:/export/home/roger/.dt/icons/%B%M.pm:/export/home/roger/.dt/icons/%B%M.bm:/export/home/roger/.dt/icons/%B:/usr/dt/appconfig/icons/%L/%B%M.pm:/usr/dt/appconfig/icons/%L/%B%M.bm:/usr/dt/appconfig/icons/%L/%B:/usr/dt/appconfig/icons/C/%B%M.pm:/usr/dt/appconfig/icons/C/%B%M.bm:/usr/dt/appconfig/icons/C/%B
DTXSERVERLOCATION:local
DTAPPSEARCHPATH:/export/home/roger/.dt/appmanager:/usr/dt/appconfig/appmanager/%L:/usr/dt/appconfig/appmanager/C
SESSIONTYPE:altDt
SDT_NO_DTDBCACHE:1
XMBINDDIR:/usr/dt/lib/bindings
DTDEVROOT:
DTSOURCEPROFILE:true
G_FILENAME_ENCODING:@locale,UTF-8
START_SPECKEYSD:no
SHELL:bash
dtstart_sessionlogfile:/dev/null
GTK_RC_FILES:/etc/gtk/gtkrc:/export/home/roger/.gtkrc-1.2-gnome2
DTUSERSESSION:roger-unknown-0
SHLVL:4
XMICONBMSEARCHPATH:/export/home/roger/.dt/icons/%B%M.bm:/export/home/roger/.dt/icons/%B%M.pm:/export/home/roger/.dt/icons/%B:/usr/dt/appconfig/icons/%L/%B%M.bm:/usr/dt/appconfig/icons/%L/%B%M.pm:/usr/dt/appconfig/icons/%L/%B:/usr/dt/appconfig/icons/C/%B%M.bm:/usr/dt/appconfig/icons/C/%B%M.pm:/usr/dt/appconfig/icons/C/%B
COLORTERM:
LOGNAME:roger
PATH:/usr/bin::/usr/openwin/bin:/bin:/usr/ucb:/usr/openwin/bin:/usr/dt/bin:/opt/sfw/bin:/opt/sfw/kde/bin:/opt/sfw/bin:/opt/sfw/kde/bin
XFILESEARCHPATH:/usr/openwin/lib/locale/%L/%T/%N%S:/usr/openwin/lib/%T/%N%S
DTDATABASESEARCHPATH:/export/home/roger/.dt/types,/usr/dt/appconfig/types/%L,/usr/dt/appconfig/types/C
G_BROKEN_FILENAMES:yes
ACDK_TOOLS_HOME:/export/home/roger/src/artefaktur/acdk
MAKELEVEL:2
i: 1
j: 4
j: 5
X: 1
i: 2
j: 4
j: 5
X: 2
i: 3
j: 4
j: 5
X: 3
i: 4
j: 4
X: 4
i: 5
j: 4
j: 5
i: 6
j: 4
j: 5
X: 6
i: 7
j: 4
j: 5
X: 7
foreach ArrayList
foreach: A
foreach: B
foreach: C
foreach StringArray
foreach: A
foreach: B
foreach intArray
foreach: 1
foreach: 3
foreach: 4
TEST OK
</pre>
<h2><a id="20_With_Test.csf">20_With_Test.csf</a></h2>
<table border=0 width="100%"><tr><td bgcolor="green">Test OK with 0  Test Expressions</td></tr></table>
<br>Standard Output:<hr><pre>This goes to err
</pre>
<br>Error output:<hr><pre>[AUNIT:ENDT][1_ForEach_Test.csf] End Test
[AUNIT:ENDT] End Test: 1_ForEach_Test.csf
[AUNIT:STRT][20_With_Test.csf] Start Test
[AUNIT:STRT] Start Test: 20_With_Test.csf
Hello in with statement
This goes to out
</pre>
<h2><a id="2_Loops_Test.csf">2_Loops_Test.csf</a></h2>
<table border=0 width="100%"><tr><td bgcolor="green">Test OK with 0  Test Expressions</td></tr></table>
<br>Error output:<hr><pre>[AUNIT:ENDT][20_With_Test.csf] End Test
[AUNIT:ENDT] End Test: 20_With_Test.csf
[AUNIT:STRT][2_Loops_Test.csf] Start Test
[AUNIT:STRT] Start Test: 2_Loops_Test.csf
i: 0
i: 1
i: 2
i: 3
i: 4
i: 5
i: 6
i: 7
i: 8
i: 9
</pre>
<h2><a id="30_If_Test.csf">30_If_Test.csf</a></h2>
<table border=0 width="100%"><tr><td bgcolor="green">Test OK with 0  Test Expressions</td></tr></table>
<br>Error output:<hr><pre>[AUNIT:ENDT][2_Loops_Test.csf] End Test
[AUNIT:ENDT] End Test: 2_Loops_Test.csf
[AUNIT:STRT][30_If_Test.csf] Start Test
[AUNIT:STRT] Start Test: 30_If_Test.csf
</pre>
<h2><a id="70_Switch_Test.csf">70_Switch_Test.csf</a></h2>
<table border=0 width="100%"><tr><td bgcolor="green">Test OK with 0  Test Expressions</td></tr></table>
<br>Error output:<hr><pre>[AUNIT:ENDT][30_If_Test.csf] End Test
[AUNIT:ENDT] End Test: 30_If_Test.csf
[AUNIT:STRT][70_Switch_Test.csf] Start Test
[AUNIT:STRT] Start Test: 70_Switch_Test.csf
Hello
TEST OK
here we are
TEST OK
TEST OK
</pre>
<h2><a id="21_ScriptMethodPolymorphicFunctions_Test.csf">21_ScriptMethodPolymorphicFunctions_Test.csf</a></h2>
<table border=0 width="100%"><tr><td bgcolor="green">Test OK with 0  Test Expressions</td></tr></table>
<br>Error output:<hr><pre>[AUNIT:ENDT][70_Switch_Test.csf] End Test
[AUNIT:ENDT] End Test: 70_Switch_Test.csf
[AUNIT:STRT][21_ScriptMethodPolymorphicFunctions_Test.csf] Start Test
[AUNIT:STRT] Start Test: 21_ScriptMethodPolymorphicFunctions_Test.csf
===================================
Test for supporting functions with default argument initializer

erg1: 2; erg2: 3
TEST OK
</pre>
<h2><a id="22_ScriptMethodWithDefaultArgument_Test.csf">22_ScriptMethodWithDefaultArgument_Test.csf</a></h2>
<table border=0 width="100%"><tr><td bgcolor="green">Test OK with 0  Test Expressions</td></tr></table>
<br>Error output:<hr><pre>[AUNIT:ENDT][21_ScriptMethodPolymorphicFunctions_Test.csf] End Test
[AUNIT:ENDT] End Test: 21_ScriptMethodPolymorphicFunctions_Test.csf
[AUNIT:STRT][22_ScriptMethodWithDefaultArgument_Test.csf] Start Test
[AUNIT:STRT] Start Test: 22_ScriptMethodWithDefaultArgument_Test.csf
===================================
Test for supporting functions with default argument initializer

erg1: 2; erg2: 3
TEST OK
</pre>
<h2><a id="30_ScriptInOutParameters_Test.csf">30_ScriptInOutParameters_Test.csf</a></h2>
<table border=0 width="100%"><tr><td bgcolor="green">Test OK with 0  Test Expressions</td></tr></table>
<br>Error output:<hr><pre>[AUNIT:ENDT][22_ScriptMethodWithDefaultArgument_Test.csf] End Test
[AUNIT:ENDT] End Test: 22_ScriptMethodWithDefaultArgument_Test.csf
[AUNIT:STRT][30_ScriptInOutParameters_Test.csf] Start Test
[AUNIT:STRT] Start Test: 30_ScriptInOutParameters_Test.csf
inS: A; inoutS: A; outS: AB
TEST OK
</pre>
<h2><a id="40_ScriptNamedParameter_Test.csf">40_ScriptNamedParameter_Test.csf</a></h2>
<table border=0 width="100%"><tr><td bgcolor="green">Test OK with 0  Test Expressions</td></tr></table>
<br>Error output:<hr><pre>[AUNIT:ENDT][30_ScriptInOutParameters_Test.csf] End Test
[AUNIT:ENDT] End Test: 30_ScriptInOutParameters_Test.csf
[AUNIT:STRT][40_ScriptNamedParameter_Test.csf] Start Test
[AUNIT:STRT] Start Test: 40_ScriptNamedParameter_Test.csf
foo called with xpos = 0, ypos = 0, xsize = 20, ysize = 30
foo called with xpos = 10, ypos = 10, xsize = 20, ysize = 30
foo called with xpos = 10, ypos = 10, xsize = 12, ysize = 14
foo called with xpos = 50, ypos = 10, xsize = 20, ysize = 30
</pre>
<h2><a id="50_ScriptRestParameter_Test.csf">50_ScriptRestParameter_Test.csf</a></h2>
<table border=0 width="100%"><tr><td bgcolor="green">Test OK with 0  Test Expressions</td></tr></table>
<br>Error output:<hr><pre>[AUNIT:ENDT][40_ScriptNamedParameter_Test.csf] End Test
[AUNIT:ENDT] End Test: 40_ScriptNamedParameter_Test.csf
[AUNIT:STRT][50_ScriptRestParameter_Test.csf] Start Test
[AUNIT:STRT] Start Test: 50_ScriptRestParameter_Test.csf
Function called with 0 rest parameters
Function called with 3 rest parameters
  ::acdk::lang::dmi::DmiObject: 1
  ::acdk::lang::String: asdf
  ::acdk::io::File: testFile
</pre>
<h2><a id="55_ScriptNamedRestParameter_Test.csf">55_ScriptNamedRestParameter_Test.csf</a></h2>
<table border=0 width="100%"><tr><td bgcolor="green">Test OK with 0  Test Expressions</td></tr></table>
<br>Error output:<hr><pre>[AUNIT:ENDT][50_ScriptRestParameter_Test.csf] End Test
[AUNIT:ENDT] End Test: 50_ScriptRestParameter_Test.csf
[AUNIT:STRT][55_ScriptNamedRestParameter_Test.csf] Start Test
[AUNIT:STRT] Start Test: 55_ScriptNamedRestParameter_Test.csf
Function called with 2 rest parameters
  intParam: 32
  stringParam: asdf
  Has intParam: 32
</pre>
<h2><a id="60_CallSamples_Test.csf">60_CallSamples_Test.csf</a></h2>
<table border=0 width="100%"><tr><td bgcolor="green">Test OK with 0  Test Expressions</td></tr></table>
<br>Error output:<hr><pre>[AUNIT:ENDT][55_ScriptNamedRestParameter_Test.csf] End Test
[AUNIT:ENDT] End Test: 55_ScriptNamedRestParameter_Test.csf
[AUNIT:STRT][60_CallSamples_Test.csf] Start Test
[AUNIT:STRT] Start Test: 60_CallSamples_Test.csf
Function called with r=42, rest: 2 rest parameters
  ::acdk::lang::String: asdf
  ::acdk::lang::dmi::DmiObject: 43.300000
calledNamed(43.400000, asdf, 42)
calledNamed(43.400000, asdf, 42)
with rest: 
calledNamed(43.400000, asdf, 42)
with rest: 
s: asdf
i: 42
r: 43.400000
Called any with acdk/lang/String: asdf
Called any with floating: 42.400000
</pre>
<h2><a id="15_InterfaceDecl_Test.csf">15_InterfaceDecl_Test.csf</a></h2>
<table border=0 width="100%"><tr><td bgcolor="green">Test OK with 0  Test Expressions</td></tr></table>
<br>Error output:<hr><pre>[AUNIT:ENDT][60_CallSamples_Test.csf] End Test
[AUNIT:ENDT] End Test: 60_CallSamples_Test.csf
[AUNIT:STRT][15_InterfaceDecl_Test.csf] Start Test
[AUNIT:STRT] Start Test: 15_InterfaceDecl_Test.csf
OK
OK2
TEST OK
</pre>
<h2><a id="10_ClassDecl_Test.csf">10_ClassDecl_Test.csf</a></h2>
<table border=0 width="100%"><tr><td bgcolor="green">Test OK with 0  Test Expressions</td></tr></table>
<br>Error output:<hr><pre>[AUNIT:ENDT][15_InterfaceDecl_Test.csf] End Test
[AUNIT:ENDT] End Test: 15_InterfaceDecl_Test.csf
[AUNIT:STRT][10_ClassDecl_Test.csf] Start Test
[AUNIT:STRT] Start Test: 10_ClassDecl_Test.csf
sFoo Called
TEST OK
</pre>
<h2><a id="21_DerivedMemberAccess_Test.csf">21_DerivedMemberAccess_Test.csf</a></h2>
<table border=0 width="100%"><tr><td bgcolor="green">Test OK with 0  Test Expressions</td></tr></table>
<br>Error output:<hr><pre>[AUNIT:ENDT][10_ClassDecl_Test.csf] End Test
[AUNIT:ENDT] End Test: 10_ClassDecl_Test.csf
[AUNIT:STRT][21_DerivedMemberAccess_Test.csf] Start Test
[AUNIT:STRT] Start Test: 21_DerivedMemberAccess_Test.csf
===================================
Test for accessing parent classes members

super._avar: 1; [this.]_bvar: 2
TEST OK
</pre>
<h2><a id="20_ClassOverloading_Test.csf">20_ClassOverloading_Test.csf</a></h2>
<table border=0 width="100%"><tr><td bgcolor="green">Test OK with 0  Test Expressions</td></tr></table>
<br>Error output:<hr><pre>[AUNIT:ENDT][21_DerivedMemberAccess_Test.csf] End Test
[AUNIT:ENDT] End Test: 21_DerivedMemberAccess_Test.csf
[AUNIT:STRT][20_ClassOverloading_Test.csf] Start Test
[AUNIT:STRT] Start Test: 20_ClassOverloading_Test.csf
===================================
Test for calling polymorphic functions

call a.foo(s == String)
called foo(String str)
call a.foo(o == Object)
called foo(Object str)
call a.foo(ostr == Object/String)
called foo(String str)
call a.foo(int)
called foo(int i)
call a.foo(42)
called foo(short i)
</pre>
<h2><a id="23_DerivedVirtualNativeCalls_Test.csf">23_DerivedVirtualNativeCalls_Test.csf</a></h2>
<table border=0 width="100%"><tr><td bgcolor="green">Test OK with 0  Test Expressions</td></tr></table>
<br>Error output:<hr><pre>[AUNIT:ENDT][20_ClassOverloading_Test.csf] End Test
[AUNIT:ENDT] End Test: 20_ClassOverloading_Test.csf
[AUNIT:STRT][23_DerivedVirtualNativeCalls_Test.csf] Start Test
[AUNIT:STRT] Start Test: 23_DerivedVirtualNativeCalls_Test.csf
===================================
Test for resolving native virtual calls

You can implement interfaces in the script language
which can be called from inside a native C++ implemention.
this enables to implement plugins in a scripting language.

TEST OK
BClass::finalize()
AClass.finalize()
TEST OK
TEST OK
TEST OK
AClass.finalize()
TEST OK
AClass.finalize()
Y: AClass
TEST OK
AClass.finalize()
</pre>
<h2><a id="22_DerivedVirtualCalls_Test.csf">22_DerivedVirtualCalls_Test.csf</a></h2>
<table border=0 width="100%"><tr><td bgcolor="green">Test OK with 0  Test Expressions</td></tr></table>
<br>Error output:<hr><pre>[AUNIT:ENDT][23_DerivedVirtualNativeCalls_Test.csf] End Test
[AUNIT:ENDT] End Test: 23_DerivedVirtualNativeCalls_Test.csf
[AUNIT:STRT][22_DerivedVirtualCalls_Test.csf] Start Test
[AUNIT:STRT] Start Test: 22_DerivedVirtualCalls_Test.csf
===================================
Test for resolving virtual calls

TEST OK
</pre>
<h2><a id="33_DerivedVirtualNativeSuperCalls_Test.csf">33_DerivedVirtualNativeSuperCalls_Test.csf</a></h2>
<table border=0 width="100%"><tr><td bgcolor="green">Test OK with 0  Test Expressions</td></tr></table>
<br>Error output:<hr><pre>[AUNIT:ENDT][22_DerivedVirtualCalls_Test.csf] End Test
[AUNIT:ENDT] End Test: 22_DerivedVirtualCalls_Test.csf
[AUNIT:STRT][33_DerivedVirtualNativeSuperCalls_Test.csf] Start Test
[AUNIT:STRT] Start Test: 33_DerivedVirtualNativeSuperCalls_Test.csf
TEST OK
TEST OK
hashCode: 42
TEST OK
</pre>
<h2><a id="24_ScriptMemberInitializer_Test.csf">24_ScriptMemberInitializer_Test.csf</a></h2>
<table border=0 width="100%"><tr><td bgcolor="green">Test OK with 0  Test Expressions</td></tr></table>
<br>Error output:<hr><pre>[AUNIT:ENDT][33_DerivedVirtualNativeSuperCalls_Test.csf] End Test
[AUNIT:ENDT] End Test: 33_DerivedVirtualNativeSuperCalls_Test.csf
[AUNIT:STRT][24_ScriptMemberInitializer_Test.csf] Start Test
[AUNIT:STRT] Start Test: 24_ScriptMemberInitializer_Test.csf
===================================
Test for accessing parent classes members

TEST OK
</pre>
<h2><a id="25_ScriptOperator_Test.csf">25_ScriptOperator_Test.csf</a></h2>
<table border=0 width="100%"><tr><td bgcolor="green">Test OK with 0  Test Expressions</td></tr></table>
<br>Error output:<hr><pre>[AUNIT:ENDT][24_ScriptMemberInitializer_Test.csf] End Test
[AUNIT:ENDT] End Test: 24_ScriptMemberInitializer_Test.csf
[AUNIT:STRT][25_ScriptOperator_Test.csf] Start Test
[AUNIT:STRT] Start Test: 25_ScriptOperator_Test.csf
Average of 2, 1 and 6 is 3.000000
</pre>
<h2><a id="26_StaticScriptCalls_Test.csf">26_StaticScriptCalls_Test.csf</a></h2>
<table border=0 width="100%"><tr><td bgcolor="green">Test OK with 0  Test Expressions</td></tr></table>
<br>Error output:<hr><pre>[AUNIT:ENDT][25_ScriptOperator_Test.csf] End Test
[AUNIT:ENDT] End Test: 25_ScriptOperator_Test.csf
[AUNIT:STRT][26_StaticScriptCalls_Test.csf] Start Test
[AUNIT:STRT] Start Test: 26_StaticScriptCalls_Test.csf
===================================
Test for accessing static functions and members


TEST OK
</pre>
<h2><a id="27_LamdaClassMethods_Test.csf">27_LamdaClassMethods_Test.csf</a></h2>
<table border=0 width="100%"><tr><td bgcolor="green">Test OK with 0  Test Expressions</td></tr></table>
<br>Error output:<hr><pre>[AUNIT:ENDT][26_StaticScriptCalls_Test.csf] End Test
[AUNIT:ENDT] End Test: 26_StaticScriptCalls_Test.csf
[AUNIT:STRT][27_LamdaClassMethods_Test.csf] Start Test
[AUNIT:STRT] Start Test: 27_LamdaClassMethods_Test.csf
</pre>
<h2><a id="30_ScriptEnum_Test.csf">30_ScriptEnum_Test.csf</a></h2>
<table border=0 width="100%"><tr><td bgcolor="green">Test OK with 0  Test Expressions</td></tr></table>
<br>Error output:<hr><pre>[AUNIT:ENDT][27_LamdaClassMethods_Test.csf] End Test
[AUNIT:ENDT] End Test: 27_LamdaClassMethods_Test.csf
[AUNIT:STRT][30_ScriptEnum_Test.csf] Start Test
[AUNIT:STRT] Start Test: 30_ScriptEnum_Test.csf
===================================
Test for defining enumeration

TEST OK
</pre>
<h2><a id="40_FreeFunction_Test.csf">40_FreeFunction_Test.csf</a></h2>
<table border=0 width="100%"><tr><td bgcolor="green">Test OK with 0  Test Expressions</td></tr></table>
<br>Error output:<hr><pre>[AUNIT:ENDT][30_ScriptEnum_Test.csf] End Test
[AUNIT:ENDT] End Test: 30_ScriptEnum_Test.csf
[AUNIT:STRT][40_FreeFunction_Test.csf] Start Test
[AUNIT:STRT] Start Test: 40_FreeFunction_Test.csf
Local function not supported
</pre>
<h2><a id="35_NativeEnum_Test.csf">35_NativeEnum_Test.csf</a></h2>
<table border=0 width="100%"><tr><td bgcolor="green">Test OK with 0  Test Expressions</td></tr></table>
<br>Error output:<hr><pre>[AUNIT:ENDT][40_FreeFunction_Test.csf] End Test
[AUNIT:ENDT] End Test: 40_FreeFunction_Test.csf
[AUNIT:STRT][35_NativeEnum_Test.csf] Start Test
[AUNIT:STRT] Start Test: 35_NativeEnum_Test.csf
</pre>
<h2><a id="85_DelegateNative_Test.csf">85_DelegateNative_Test.csf</a></h2>
<table border=0 width="100%"><tr><td bgcolor="green">Test OK with 0  Test Expressions</td></tr></table>
<br>Error output:<hr><pre>[AUNIT:ENDT][35_NativeEnum_Test.csf] End Test
[AUNIT:ENDT] End Test: 35_NativeEnum_Test.csf
[AUNIT:STRT][85_DelegateNative_Test.csf] Start Test
[AUNIT:STRT] Start Test: 85_DelegateNative_Test.csf
AClass: A Text
A Text
</pre>
<h2><a id="50_Finalize_Test.csf">50_Finalize_Test.csf</a></h2>
<table border=0 width="100%"><tr><td bgcolor="green">Test OK with 0  Test Expressions</td></tr></table>
<br>Error output:<hr><pre>[AUNIT:ENDT][85_DelegateNative_Test.csf] End Test
[AUNIT:ENDT] End Test: 85_DelegateNative_Test.csf
[AUNIT:STRT][50_Finalize_Test.csf] Start Test
[AUNIT:STRT] Start Test: 50_Finalize_Test.csf
AClass.finalize called
Finalizer should be called
TEST OK
</pre>
<h2><a id="60_MetaInfo_Test.csf">60_MetaInfo_Test.csf</a></h2>
<table border=0 width="100%"><tr><td bgcolor="green">Test OK with 0  Test Expressions</td></tr></table>
<br>Error output:<hr><pre>[AUNIT:ENDT][50_Finalize_Test.csf] End Test
[AUNIT:ENDT] End Test: 50_Finalize_Test.csf
[AUNIT:STRT][60_MetaInfo_Test.csf] Start Test
[AUNIT:STRT] Start Test: 60_MetaInfo_Test.csf
Class name for class is: AClass
Class has following Contructors:
 AClass.AClass(int)
 AClass.AClass()
Class has following Members:
::acdk::lang::String svar
int ivar
Class has following Methods:
 AClass AClass.AClass(int)
 AClass AClass.AClass()
 ::acdk::lang::String AClass.foo()
 int AClass.bar()
</pre>
<h2><a id="61_NativeCast_Test.csf">61_NativeCast_Test.csf</a></h2>
<table border=0 width="100%"><tr><td bgcolor="green">Test OK with 0  Test Expressions</td></tr></table>
<br>Error output:<hr><pre>[AUNIT:ENDT][60_MetaInfo_Test.csf] End Test
[AUNIT:ENDT] End Test: 60_MetaInfo_Test.csf
[AUNIT:STRT][61_NativeCast_Test.csf] Start Test
[AUNIT:STRT] Start Test: 61_NativeCast_Test.csf
cls = Nil;
cmp = Nil;
TEST OK
</pre>
<h2><a id="80_Delegate_Test.csf">80_Delegate_Test.csf</a></h2>
<table border=0 width="100%"><tr><td bgcolor="green">Test OK with 0  Test Expressions</td></tr></table>
<br>Error output:<hr><pre>[AUNIT:ENDT][61_NativeCast_Test.csf] End Test
[AUNIT:ENDT] End Test: 61_NativeCast_Test.csf
[AUNIT:STRT][80_Delegate_Test.csf] Start Test
[AUNIT:STRT] Start Test: 80_Delegate_Test.csf
Hello superb ACDK
Hallo ACDK
Hello ACDK
Hello finest ACDK
Hello superb ACDK
Hello ACDK
Hello finest ACDK
Hallo ACDK
TEST OK
</pre>
<h2><a id="90_Lambda_Test.csf">90_Lambda_Test.csf</a></h2>
<table border=0 width="100%"><tr><td bgcolor="green">Test OK with 0  Test Expressions</td></tr></table>
<br>Error output:<hr><pre>[AUNIT:ENDT][80_Delegate_Test.csf] End Test
[AUNIT:ENDT] End Test: 80_Delegate_Test.csf
[AUNIT:STRT][90_Lambda_Test.csf] Start Test
[AUNIT:STRT] Start Test: 90_Lambda_Test.csf
Called via Lambda
Called via Lambda
d3.call(2, 3)=5
local expressions ivar: 41 and: Hello again
Accessing members and methods of this: _ivar=42; makeIt()=3
Accessing members and methods of this: _ivar=42; makeIt()=3
local variable ivar: 42 and: Hello
Called with local variable ivar: 51
Called with arg: 41
Called with this._ivar: 3
</pre>
<h2><a id="20_CxxCompait_Test.csf">20_CxxCompait_Test.csf</a></h2>
<table border=0 width="100%"><tr><td bgcolor="green">Test OK with 0  Test Expressions</td></tr></table>
<br>Error output:<hr><pre>[AUNIT:ENDT][90_Lambda_Test.csf] End Test
[AUNIT:ENDT] End Test: 90_Lambda_Test.csf
[AUNIT:STRT][20_CxxCompait_Test.csf] Start Test
[AUNIT:STRT] Start Test: 20_CxxCompait_Test.csf
asdf
TEST OK
</pre>
<h2><a id="10_RegExp_Test.csf">10_RegExp_Test.csf</a></h2>
<table border=0 width="100%"><tr><td bgcolor="green">Test OK with 0  Test Expressions</td></tr></table>
<br>Error output:<hr><pre>[AUNIT:ENDT][20_CxxCompait_Test.csf] End Test
[AUNIT:ENDT] End Test: 20_CxxCompait_Test.csf
[AUNIT:STRT][10_RegExp_Test.csf] Start Test
[AUNIT:STRT] Start Test: 10_RegExp_Test.csf
</pre>
<h2><a id="30_CfgClassLoader_Test.csf">30_CfgClassLoader_Test.csf</a></h2>
<table border=0 width="100%"><tr><td bgcolor="green">Test OK with 0  Test Expressions</td></tr></table>
<br>Error output:<hr><pre>[AUNIT:ENDT][10_RegExp_Test.csf] End Test
[AUNIT:ENDT] End Test: 10_RegExp_Test.csf
[AUNIT:STRT][30_CfgClassLoader_Test.csf] Start Test
[AUNIT:STRT] Start Test: 30_CfgClassLoader_Test.csf
TEST OK
</pre>
<h2><a id="50_SyntexError_Test.csf">50_SyntexError_Test.csf</a></h2>
<table border=0 width="100%"><tr><td bgcolor="green">Test OK with 0  Test Expressions</td></tr></table>
<br>Error output:<hr><pre>[AUNIT:ENDT][30_CfgClassLoader_Test.csf] End Test
[AUNIT:ENDT] End Test: 30_CfgClassLoader_Test.csf
[AUNIT:STRT][50_SyntexError_Test.csf] Start Test
[AUNIT:STRT] Start Test: 50_SyntexError_Test.csf
Caught script error in script: /export/home/roger/src/artefaktur/acdk/acdk_core/cfg/csf/tests/acdk/cfgscript/8_misc/50_SyntexError_Test.csf(4,19): : Cannot resolve label: this_variable_doesn_exists
Caught script error in script: /export/home/roger/src/artefaktur/acdk/acdk_core/cfg/csf/tests/acdk/cfgscript/8_misc/50_SyntexError_Test.csf(12,5): : Expecting '(' after 'if' 
Caught script error in script: Method not found: public:  ::acdk::lang::Byte::foobaz(...)
TEST OK
</pre>
<h2><a id="40_Globals_Test.csf">40_Globals_Test.csf</a></h2>
<table border=0 width="100%"><tr><td bgcolor="green">Test OK with 0  Test Expressions</td></tr></table>
<br>Error output:<hr><pre>[AUNIT:ENDT][50_SyntexError_Test.csf] End Test
[AUNIT:ENDT] End Test: 50_SyntexError_Test.csf
[AUNIT:STRT][40_Globals_Test.csf] Start Test
[AUNIT:STRT] Start Test: 40_Globals_Test.csf
Global Var: This is a module global Var
caught ScriptException: /export/home/roger/src/artefaktur/acdk/acdk_core/cfg/csf/tests/acdk/cfgscript/8_misc/40_Globals_Test.csf(13,75): : Cannot resolve label: ScriptTestModulVar
TEST OK
</pre>
<h2><a id="80_Performance_Test.csf">80_Performance_Test.csf</a></h2>
<table border=0 width="100%"><tr><td bgcolor="green">Test OK with 0  Test Expressions</td></tr></table>
<br>Error output:<hr><pre>[AUNIT:ENDT][40_Globals_Test.csf] End Test
[AUNIT:ENDT] End Test: 40_Globals_Test.csf
[AUNIT:STRT][80_Performance_Test.csf] Start Test
[AUNIT:STRT] Start Test: 80_Performance_Test.csf
Counted tests: 2400
</pre>
<h2><a id="60_InOutByVal_Test.csf">60_InOutByVal_Test.csf</a></h2>
<table border=0 width="100%"><tr><td bgcolor="green">Test OK with 0  Test Expressions</td></tr></table>
<br>Error output:<hr><pre>[AUNIT:ENDT][80_Performance_Test.csf] End Test
[AUNIT:ENDT] End Test: 80_Performance_Test.csf
[AUNIT:STRT][60_InOutByVal_Test.csf] Start Test
[AUNIT:STRT] Start Test: 60_InOutByVal_Test.csf
</pre>
<h2><a id="70_Eval_Test.csf">70_Eval_Test.csf</a></h2>
<table border=0 width="100%"><tr><td bgcolor="green">Test OK with 0  Test Expressions</td></tr></table>
<br>Error output:<hr><pre>[AUNIT:ENDT][60_InOutByVal_Test.csf] End Test
[AUNIT:ENDT] End Test: 60_InOutByVal_Test.csf
[AUNIT:STRT][70_Eval_Test.csf] Start Test
[AUNIT:STRT] Start Test: 70_Eval_Test.csf
Eval code: 
class AClass
{
  AClass()
  {
  }
  String getName() { return  "AClass"; }
}

Eval code: 
class BClass
{
  BClass()
  {
  }
  String getName() { return  "BClass"; }
}

</pre>
<h2><a id="81_HashBang_Test.csf">81_HashBang_Test.csf</a></h2>
<table border=0 width="100%"><tr><td bgcolor="green">Test OK with 0  Test Expressions</td></tr></table>
<br>Error output:<hr><pre>[AUNIT:ENDT][70_Eval_Test.csf] End Test
[AUNIT:ENDT] End Test: 70_Eval_Test.csf
[AUNIT:STRT][81_HashBang_Test.csf] Start Test
[AUNIT:STRT] Start Test: 81_HashBang_Test.csf
executed
</pre>
<h2><a id="82_HashBang2_Test.csf">82_HashBang2_Test.csf</a></h2>
<table border=0 width="100%"><tr><td bgcolor="green">Test OK with 0  Test Expressions</td></tr></table>
<br>Error output:<hr><pre>[AUNIT:ENDT][81_HashBang_Test.csf] End Test
[AUNIT:ENDT] End Test: 81_HashBang_Test.csf
[AUNIT:STRT][82_HashBang2_Test.csf] Start Test
[AUNIT:STRT] Start Test: 82_HashBang2_Test.csf
executed
</pre>
<h2><a id="90_Template_Test.csf">90_Template_Test.csf</a></h2>
<table border=0 width="100%"><tr><td bgcolor="green">Test OK with 0  Test Expressions</td></tr></table>
<br>Error output:<hr><pre>[AUNIT:ENDT][82_HashBang2_Test.csf] End Test
[AUNIT:ENDT] End Test: 82_HashBang2_Test.csf
[AUNIT:STRT][90_Template_Test.csf] Start Test
[AUNIT:STRT] Start Test: 90_Template_Test.csf
<html><header><title>Hello</title></header><body><table><tr><td>First</td></tr><tr><td>Second</td></tr><tr><td>Third</td></tr></table></body></html>
<html>
<header>
  <title>Hello 3</title>
</header>
<body> 
<tabl  <tr><First</td></t  <tr><Second</td></t  <tr><Third</td></t</table>
</body>
</htm</pre>
<h2><a id="ScriptStatements_Test.ifCondition">ScriptStatements_Test.ifCondition</a></h2>
<table border=0 width="100%"><tr><td bgcolor="green">Test OK with 4  Test Expressions</td></tr></table>
<br>Error output:<hr><pre>[AUNIT:ENDT][90_Template_Test.csf] End Test
[AUNIT:ENDT] End Test: 90_Template_Test.csf
[AUNIT:STRT][ScriptStatements_Test.ifCondition] Start Test
[AUNIT:STRT] Start Test: ScriptStatements_Test.ifCondition
[AUNIT:SUCC]: ScriptStatements_Test.ifCondition:
acdk_cfgscript_ScriptStatements_Test.cpp(102): erg1->equals("") == true
[AUNIT:SUCC]: ScriptStatements_Test.ifCondition:
acdk_cfgscript_ScriptStatements_Test.cpp(104): erg2->equals("Is A") == true
[AUNIT:SUCC]: ScriptStatements_Test.ifCondition:
acdk_cfgscript_ScriptStatements_Test.cpp(106): erg3->equals("Is Not B") == true
[AUNIT:SUCC]: ScriptStatements_Test.ifCondition:
acdk_cfgscript_ScriptStatements_Test.cpp(108): erg4->equals("Is A") == true
</pre>
<h2><a id="ScriptStatements_Test.with">ScriptStatements_Test.with</a></h2>
<table border=0 width="100%"><tr><td bgcolor="green">Test OK with 2  Test Expressions</td></tr></table>
<br>Error output:<hr><pre>[AUNIT:ENDT][ScriptStatements_Test.ifCondition] End Test
[AUNIT:ENDT] End Test: ScriptStatements_Test.ifCondition
[AUNIT:STRT][ScriptStatements_Test.with] Start Test
[AUNIT:STRT] Start Test: ScriptStatements_Test.with
[AUNIT:SUCC]: ScriptStatements_Test.with:
acdk_cfgscript_ScriptStatements_Test.cpp(136): props->getIntVal("erg1") == 3
[AUNIT:SUCC]: ScriptStatements_Test.with:
acdk_cfgscript_ScriptStatements_Test.cpp(137): props->getStringVal("erg2")->equals("DK") == true
</pre>
<h2><a id="ScriptStatements_Test.whileStm">ScriptStatements_Test.whileStm</a></h2>
<table border=0 width="100%"><tr><td bgcolor="green">Test OK with 2  Test Expressions</td></tr></table>
<br>Error output:<hr><pre>[AUNIT:ENDT][ScriptStatements_Test.with] End Test
[AUNIT:ENDT] End Test: ScriptStatements_Test.with
[AUNIT:STRT][ScriptStatements_Test.whileStm] Start Test
[AUNIT:STRT] Start Test: ScriptStatements_Test.whileStm
[AUNIT:SUCC]: ScriptStatements_Test.whileStm:
acdk_cfgscript_ScriptStatements_Test.cpp(157): props->getIntVal("erg1") == 0
[AUNIT:SUCC]: ScriptStatements_Test.whileStm:
acdk_cfgscript_ScriptStatements_Test.cpp(173): props->getStringVal("erg")->equals(" first second third") == true
</pre>
<h2><a id="ScriptStatements_Test.doStm">ScriptStatements_Test.doStm</a></h2>
<table border=0 width="100%"><tr><td bgcolor="green">Test OK with 1  Test Expressions</td></tr></table>
<br>Error output:<hr><pre>[AUNIT:ENDT][ScriptStatements_Test.whileStm] End Test
[AUNIT:ENDT] End Test: ScriptStatements_Test.whileStm
[AUNIT:STRT][ScriptStatements_Test.doStm] Start Test
[AUNIT:STRT] Start Test: ScriptStatements_Test.doStm
[AUNIT:SUCC]: ScriptStatements_Test.doStm:
acdk_cfgscript_ScriptStatements_Test.cpp(209): erg1 == 13
</pre>
<h2><a id="ScriptStatements_Test.forStm">ScriptStatements_Test.forStm</a></h2>
<table border=0 width="100%"><tr><td bgcolor="green">Test OK with 1  Test Expressions</td></tr></table>
<br>Error output:<hr><pre>[AUNIT:ENDT][ScriptStatements_Test.doStm] End Test
[AUNIT:ENDT] End Test: ScriptStatements_Test.doStm
[AUNIT:STRT][ScriptStatements_Test.forStm] Start Test
[AUNIT:STRT] Start Test: ScriptStatements_Test.forStm
Sum from 0 - 10: 45
[AUNIT:SUCC]: ScriptStatements_Test.forStm:
acdk_cfgscript_ScriptStatements_Test.cpp(233): props->getIntVal("erg1") == 45
</pre>
<h2><a id="ScriptStatements_Test.usingStm">ScriptStatements_Test.usingStm</a></h2>
<table border=0 width="100%"><tr><td bgcolor="green">Test OK with 0  Test Expressions</td></tr></table>
<br>Error output:<hr><pre>[AUNIT:ENDT][ScriptStatements_Test.forStm] End Test
[AUNIT:ENDT] End Test: ScriptStatements_Test.forStm
[AUNIT:STRT][ScriptStatements_Test.usingStm] Start Test
[AUNIT:STRT] Start Test: ScriptStatements_Test.usingStm
Hallo
</pre>
<h2><a id="ScriptStatements_Test.tryCatch">ScriptStatements_Test.tryCatch</a></h2>
<table border=0 width="100%"><tr><td bgcolor="green">Test OK with 0  Test Expressions</td></tr></table>
<br>Error output:<hr><pre>[AUNIT:ENDT][ScriptStatements_Test.usingStm] End Test
[AUNIT:ENDT] End Test: ScriptStatements_Test.usingStm
[AUNIT:STRT][ScriptStatements_Test.tryCatch] Start Test
[AUNIT:STRT] Start Test: ScriptStatements_Test.tryCatch
catched classcast: ScriptVar: Cannot convert ::acdk::lang::RString to  type int
expected ex: Just a Test
finally block called
finally block called
after finally
finally 1 block called
expected ex: test
finally 2 block called
after finally
</pre>
<h2><a id="Script_Test.standard">Script_Test.standard</a></h2>
<table border=0 width="100%"><tr><td bgcolor="green">Test OK with 0  Test Expressions</td></tr></table>
<br>Error output:<hr><pre>[AUNIT:ENDT][ScriptStatements_Test.tryCatch] End Test
[AUNIT:ENDT] End Test: ScriptStatements_Test.tryCatch
[AUNIT:STRT][Script_Test.standard] Start Test
[AUNIT:STRT] Start Test: Script_Test.standard
Hallo
</pre>
<h2><a id="Script_Test.basicTypes">Script_Test.basicTypes</a></h2>
<table border=0 width="100%"><tr><td bgcolor="green">Test OK with 5  Test Expressions</td></tr></table>
<br>Error output:<hr><pre>[AUNIT:ENDT][Script_Test.standard] End Test
[AUNIT:ENDT] End Test: Script_Test.standard
[AUNIT:STRT][Script_Test.basicTypes] Start Test
[AUNIT:STRT] Start Test: Script_Test.basicTypes
[AUNIT:SUCC]: Script_Test.basicTypes:
acdk_cfgscript_Script_Test.cpp(152): props->getIntVal("erg1") == 4
[AUNIT:SUCC]: Script_Test.basicTypes:
acdk_cfgscript_Script_Test.cpp(153): props->getBoolVal("erg2") == true
[AUNIT:SUCC]: Script_Test.basicTypes:
acdk_cfgscript_Script_Test.cpp(154): props->getBoolVal("erg3") == true
[AUNIT:SUCC]: Script_Test.basicTypes:
acdk_cfgscript_Script_Test.cpp(155): props->getBoolVal("erg4") == false
[AUNIT:SUCC]: Script_Test.basicTypes:
acdk_cfgscript_Script_Test.cpp(156): props->getBoolVal("erg5") == true
</pre>
<h2><a id="Script_Test.functions">Script_Test.functions</a></h2>
<table border=0 width="100%"><tr><td bgcolor="green">Test OK with 1  Test Expressions</td></tr></table>
<br>Error output:<hr><pre>[AUNIT:ENDT][Script_Test.basicTypes] End Test
[AUNIT:ENDT] End Test: Script_Test.basicTypes
[AUNIT:STRT][Script_Test.functions] Start Test
[AUNIT:STRT] Start Test: Script_Test.functions
[AUNIT:SUCC]: Script_Test.functions:
acdk_cfgscript_Script_Test.cpp(196): str->equals("The Code: Hallo ACDK") == true
</pre>
<h2><a id="Script_Test.stackFunctionCalls">Script_Test.stackFunctionCalls</a></h2>
<table border=0 width="100%"><tr><td bgcolor="green">Test OK with 2  Test Expressions</td></tr></table>
<br>Error output:<hr><pre>[AUNIT:ENDT][Script_Test.functions] End Test
[AUNIT:ENDT] End Test: Script_Test.functions
[AUNIT:STRT][Script_Test.stackFunctionCalls] Start Test
[AUNIT:STRT] Start Test: Script_Test.stackFunctionCalls
[AUNIT:SUCC]: Script_Test.stackFunctionCalls:
acdk_cfgscript_Script_Test.cpp(178): props->getStringVal("acdkstr")->equals(" ACDK") == true
[AUNIT:SUCC]: Script_Test.stackFunctionCalls:
acdk_cfgscript_Script_Test.cpp(180): erg->equals("Hallo ACDK") == true
</pre>
<h2><a id="Script_Test.plus">Script_Test.plus</a></h2>
<table border=0 width="100%"><tr><td bgcolor="green">Test OK with 4  Test Expressions</td></tr></table>
<br>Error output:<hr><pre>[AUNIT:ENDT][Script_Test.stackFunctionCalls] End Test
[AUNIT:ENDT] End Test: Script_Test.stackFunctionCalls
[AUNIT:STRT][Script_Test.plus] Start Test
[AUNIT:STRT] Start Test: Script_Test.plus
[AUNIT:SUCC]: Script_Test.plus:
acdk_cfgscript_Script_Test.cpp(219): erg1->equals("Hello ACDK") == true
[AUNIT:SUCC]: Script_Test.plus:
acdk_cfgscript_Script_Test.cpp(221): erg2->equals("Hello ACDK") == true
[AUNIT:SUCC]: Script_Test.plus:
acdk_cfgscript_Script_Test.cpp(223): erg3->equals("ACDK Hello ") == true
[AUNIT:SUCC]: Script_Test.plus:
acdk_cfgscript_Script_Test.cpp(225): erg4->equals("ACDK Hello all") == true
</pre>
<h2><a id="Script_Test.arithmetic">Script_Test.arithmetic</a></h2>
<table border=0 width="100%"><tr><td bgcolor="green">Test OK with 0  Test Expressions</td></tr></table>
<br>Error output:<hr><pre>[AUNIT:ENDT][Script_Test.plus] End Test
[AUNIT:ENDT] End Test: Script_Test.plus
[AUNIT:STRT][Script_Test.arithmetic] Start Test
[AUNIT:STRT] Start Test: Script_Test.arithmetic
</pre>
<h2><a id="Script_Test.complexPlus">Script_Test.complexPlus</a></h2>
<table border=0 width="100%"><tr><td bgcolor="green">Test OK with 0  Test Expressions</td></tr></table>
<br>Error output:<hr><pre>[AUNIT:ENDT][Script_Test.arithmetic] End Test
[AUNIT:ENDT] End Test: Script_Test.arithmetic
[AUNIT:STRT][Script_Test.complexPlus] Start Test
[AUNIT:STRT] Start Test: Script_Test.complexPlus
</pre>
<h2><a id="Script_Test.postAndPrefixOps">Script_Test.postAndPrefixOps</a></h2>
<table border=0 width="100%"><tr><td bgcolor="green">Test OK with 2  Test Expressions</td></tr></table>
<br>Error output:<hr><pre>[AUNIT:ENDT][Script_Test.complexPlus] End Test
[AUNIT:ENDT] End Test: Script_Test.complexPlus
[AUNIT:STRT][Script_Test.postAndPrefixOps] Start Test
[AUNIT:STRT] Start Test: Script_Test.postAndPrefixOps
[AUNIT:SUCC]: Script_Test.postAndPrefixOps:
acdk_cfgscript_Script_Test.cpp(306): erg1 == 3
[AUNIT:SUCC]: Script_Test.postAndPrefixOps:
acdk_cfgscript_Script_Test.cpp(307): erg2 == 2
</pre>
<h2><a id="Script_Test.newExpression">Script_Test.newExpression</a></h2>
<table border=0 width="100%"><tr><td bgcolor="green">Test OK with 0  Test Expressions</td></tr></table>
<br>Error output:<hr><pre>[AUNIT:ENDT][Script_Test.postAndPrefixOps] End Test
[AUNIT:ENDT] End Test: Script_Test.postAndPrefixOps
[AUNIT:STRT][Script_Test.newExpression] Start Test
[AUNIT:STRT] Start Test: Script_Test.newExpression
</pre>
<h2><a id="Script_Test.namedArgs">Script_Test.namedArgs</a></h2>
<table border=0 width="100%"><tr><td bgcolor="green">Test OK with 0  Test Expressions</td></tr></table>
<br>Error output:<hr><pre>[AUNIT:ENDT][Script_Test.newExpression] End Test
[AUNIT:ENDT] End Test: Script_Test.newExpression
[AUNIT:STRT][Script_Test.namedArgs] Start Test
[AUNIT:STRT] Start Test: Script_Test.namedArgs
</pre>
<h2><a id="Script_Test.atom">Script_Test.atom</a></h2>
<table border=0 width="100%"><tr><td bgcolor="green">Test OK with 1  Test Expressions</td></tr></table>
<br>Error output:<hr><pre>[AUNIT:ENDT][Script_Test.namedArgs] End Test
[AUNIT:ENDT] End Test: Script_Test.namedArgs
[AUNIT:STRT][Script_Test.atom] Start Test
[AUNIT:STRT] Start Test: Script_Test.atom
10.000000
[AUNIT:SUCC]: Script_Test.atom:
acdk_cfgscript_Script_Test.cpp(370): ival == 10
</pre>
<h2><a id="Script_Test.peek_poke">Script_Test.peek_poke</a></h2>
<table border=0 width="100%"><tr><td bgcolor="green">Test OK with 3  Test Expressions</td></tr></table>
<br>Error output:<hr><pre>[AUNIT:ENDT][Script_Test.atom] End Test
[AUNIT:ENDT] End Test: Script_Test.atom
[AUNIT:STRT][Script_Test.peek_poke] Start Test
[AUNIT:STRT] Start Test: Script_Test.peek_poke
[AUNIT:SUCC]: Script_Test.peek_poke:
acdk_cfgscript_Script_Test.cpp(397): props->getIntVal("erg1") == 3
[AUNIT:SUCC]: Script_Test.peek_poke:
acdk_cfgscript_Script_Test.cpp(398): props->getStringVal("erg2")->equals("Script") == true
[AUNIT:SUCC]: Script_Test.peek_poke:
acdk_cfgscript_Script_Test.cpp(399): props->getIntVal("erg3") == 5
</pre>
<h2><a id="Script_Test.statics">Script_Test.statics</a></h2>
<table border=0 width="100%"><tr><td bgcolor="green">Test OK with 2  Test Expressions</td></tr></table>
<br>Error output:<hr><pre>[AUNIT:ENDT][Script_Test.peek_poke] End Test
[AUNIT:ENDT] End Test: Script_Test.peek_poke
[AUNIT:STRT][Script_Test.statics] Start Test
[AUNIT:STRT] Start Test: Script_Test.statics
[AUNIT:SUCC]: Script_Test.statics:
acdk_cfgscript_Script_Test.cpp(423): props->getIntVal("erg1") == 3
[AUNIT:SUCC]: Script_Test.statics:
acdk_cfgscript_Script_Test.cpp(424): props->getIntVal("erg2") == 3
</pre>
<h2><a id="Script_Test.chainedCalls">Script_Test.chainedCalls</a></h2>
<table border=0 width="100%"><tr><td bgcolor="green">Test OK with 1  Test Expressions</td></tr></table>
<br>Error output:<hr><pre>[AUNIT:ENDT][Script_Test.statics] End Test
[AUNIT:ENDT] End Test: Script_Test.statics
[AUNIT:STRT][Script_Test.chainedCalls] Start Test
[AUNIT:STRT] Start Test: Script_Test.chainedCalls
[AUNIT:SUCC]: Script_Test.chainedCalls:
acdk_cfgscript_Script_Test.cpp(447): props->getIntVal("erg") == 1
</pre>
<h2><a id="Script_Test.equalStm">Script_Test.equalStm</a></h2>
<table border=0 width="100%"><tr><td bgcolor="green">Test OK with 3  Test Expressions</td></tr></table>
<br>Error output:<hr><pre>[AUNIT:ENDT][Script_Test.chainedCalls] End Test
[AUNIT:ENDT] End Test: Script_Test.chainedCalls
[AUNIT:STRT][Script_Test.equalStm] Start Test
[AUNIT:STRT] Start Test: Script_Test.equalStm
[AUNIT:SUCC]: Script_Test.equalStm:
acdk_cfgscript_Script_Test.cpp(474): props->getStringVal("erg1")->equals("sdf") == true
[AUNIT:SUCC]: Script_Test.equalStm:
acdk_cfgscript_Script_Test.cpp(475): props->getBoolVal("erg2") == true
W: : Props::get(): Key [erg3] does not exists
[AUNIT:SUCC]: Script_Test.equalStm:
acdk_cfgscript_Script_Test.cpp(476): props->getBoolVal("erg3") == false
</pre>
<h2><a id="Script_Test.syntaxError">Script_Test.syntaxError</a></h2>
<table border=0 width="100%"><tr><td bgcolor="green">Test OK with 0  Test Expressions</td></tr></table>
<br>Error output:<hr><pre>[AUNIT:ENDT][Script_Test.equalStm] End Test
[AUNIT:ENDT] End Test: Script_Test.equalStm
[AUNIT:STRT][Script_Test.syntaxError] Start Test
[AUNIT:STRT] Start Test: Script_Test.syntaxError
E: <mem>(3,3): : Expecting '(' after 'if' 
Caught expected exception: <mem>(3,3): : Expecting '(' after 'if' 
Caught expected exception: Method not found: public:  ::acdk::lang::Byte::foobaz(...)
E: <mem>(3,13): : Cannot resolve classname or variable: blubb
Caught expected exception: <mem>(3,13): : Cannot resolve classname or variable: blubb
</pre>
<h2><a id="Script_Test.methods">Script_Test.methods</a></h2>
<table border=0 width="100%"><tr><td bgcolor="green">Test OK with 1  Test Expressions</td></tr></table>
<br>Error output:<hr><pre>[AUNIT:ENDT][Script_Test.syntaxError] End Test
[AUNIT:ENDT] End Test: Script_Test.syntaxError
[AUNIT:STRT][Script_Test.methods] Start Test
[AUNIT:STRT] Start Test: Script_Test.methods
count: 3, i:0
count: 3, i:1
count: 3, i:2
[AUNIT:SUCC]: Script_Test.methods:
acdk_cfgscript_Script_Test.cpp(737): props->getIntVal("erg") == 42
</pre>
<h2><a id="Script_Test.classDecl">Script_Test.classDecl</a></h2>
<table border=0 width="100%"><tr><td bgcolor="green">Test OK with 2  Test Expressions</td></tr></table>
<br>Error output:<hr><pre>[AUNIT:ENDT][Script_Test.methods] End Test
[AUNIT:ENDT] End Test: Script_Test.methods
[AUNIT:STRT][Script_Test.classDecl] Start Test
[AUNIT:STRT] Start Test: Script_Test.classDecl
41
42
43
[AUNIT:SUCC]: Script_Test.classDecl:
acdk_cfgscript_Script_Test.cpp(558): props->getBoolVal("erg1") == true
[AUNIT:SUCC]: Script_Test.classDecl:
acdk_cfgscript_Script_Test.cpp(559): props->getBoolVal("erg2") == true
</pre>
<h2><a id="Script_Test.derivedClassDecl">Script_Test.derivedClassDecl</a></h2>
<table border=0 width="100%"><tr><td bgcolor="green">Test OK with 3  Test Expressions</td></tr></table>
<br>Error output:<hr><pre>[AUNIT:ENDT][Script_Test.classDecl] End Test
[AUNIT:ENDT] End Test: Script_Test.classDecl
[AUNIT:STRT][Script_Test.derivedClassDecl] Start Test
[AUNIT:STRT] Start Test: Script_Test.derivedClassDecl
[AUNIT:SUCC]: Script_Test.derivedClassDecl:
acdk_cfgscript_Script_Test.cpp(589): props->getIntVal("erg1") == 0
[AUNIT:SUCC]: Script_Test.derivedClassDecl:
acdk_cfgscript_Script_Test.cpp(590): props->getIntVal("erg2") == 42
[AUNIT:SUCC]: Script_Test.derivedClassDecl:
acdk_cfgscript_Script_Test.cpp(603): props->getStringVal("erg1")->equals("hello") == true
</pre>
<h2><a id="Script_Test.strongTypes">Script_Test.strongTypes</a></h2>
<table border=0 width="100%"><tr><td bgcolor="green">Test OK with 0  Test Expressions</td></tr></table>
<br>Error output:<hr><pre>[AUNIT:ENDT][Script_Test.derivedClassDecl] End Test
[AUNIT:ENDT] End Test: Script_Test.derivedClassDecl
[AUNIT:STRT][Script_Test.strongTypes] Start Test
[AUNIT:STRT] Start Test: Script_Test.strongTypes
Expected exception: ScriptVar: Cannot convert ::acdk::lang::RString to  type int
</pre>
<h2><a id="Script_Test.arrays">Script_Test.arrays</a></h2>
<table border=0 width="100%"><tr><td bgcolor="green">Test OK with 0  Test Expressions</td></tr></table>
<br>Error output:<hr><pre>[AUNIT:ENDT][Script_Test.strongTypes] End Test
[AUNIT:ENDT] End Test: Script_Test.strongTypes
[AUNIT:STRT][Script_Test.arrays] Start Test
[AUNIT:STRT] Start Test: Script_Test.arrays
[[41, 42], [43, 44]]
[[Hallo, ACDK], [Hallo 2, ACDK 2]]
</pre>
<h2><a id="Script_Test.typeDecl">Script_Test.typeDecl</a></h2>
<table border=0 width="100%"><tr><td bgcolor="green">Test OK with 0  Test Expressions</td></tr></table>
<br>Error output:<hr><pre>[AUNIT:ENDT][Script_Test.arrays] End Test
[AUNIT:ENDT] End Test: Script_Test.arrays
[AUNIT:STRT][Script_Test.typeDecl] Start Test
[AUNIT:STRT] Start Test: Script_Test.typeDecl
</pre>
<h2><a id="Script_Test.instanceOfExpr">Script_Test.instanceOfExpr</a></h2>
<table border=0 width="100%"><tr><td bgcolor="green">Test OK with 0  Test Expressions</td></tr></table>
<br>Error output:<hr><pre>[AUNIT:ENDT][Script_Test.typeDecl] End Test
[AUNIT:ENDT] End Test: Script_Test.typeDecl
[AUNIT:STRT][Script_Test.instanceOfExpr] Start Test
[AUNIT:STRT] Start Test: Script_Test.instanceOfExpr
instanceof working
</pre>
<h2><a id="Script_Test.enumerations">Script_Test.enumerations</a></h2>
<table border=0 width="100%"><tr><td bgcolor="green">Test OK with 1  Test Expressions</td></tr></table>
<br>Error output:<hr><pre>[AUNIT:ENDT][Script_Test.instanceOfExpr] End Test
[AUNIT:ENDT] End Test: Script_Test.instanceOfExpr
[AUNIT:STRT][Script_Test.enumerations] Start Test
[AUNIT:STRT] Start Test: Script_Test.enumerations
[AUNIT:SUCC]: Script_Test.enumerations:
acdk_cfgscript_Script_Test.cpp(769): attr == (::acdk::lang::dmi::MiCiWeakBind | ::acdk::lang::dmi::MiNoDmiProxy)
</pre>
<h2><a id="Script_Test.scriptDelegate">Script_Test.scriptDelegate</a></h2>
<table border=0 width="100%"><tr><td bgcolor="green">Test OK with 0  Test Expressions</td></tr></table>
<br>Error output:<hr><pre>[AUNIT:ENDT][Script_Test.enumerations] End Test
[AUNIT:ENDT] End Test: Script_Test.enumerations
[AUNIT:STRT][Script_Test.scriptDelegate] Start Test
[AUNIT:STRT] Start Test: Script_Test.scriptDelegate
Script_Test.scriptDelegate
</pre>
<h2><a id="Script_Test.misc">Script_Test.misc</a></h2>
<table border=0 width="100%"><tr><td bgcolor="green">Test OK with 0  Test Expressions</td></tr></table>
<br>Error output:<hr><pre>[AUNIT:ENDT][Script_Test.scriptDelegate] End Test
[AUNIT:ENDT] End Test: Script_Test.scriptDelegate
[AUNIT:STRT][Script_Test.misc] Start Test
[AUNIT:STRT] Start Test: Script_Test.misc
</pre>
<h2><a id="Script_Test.templateText">Script_Test.templateText</a></h2>
<table border=0 width="100%"><tr><td bgcolor="green">Test OK with 0  Test Expressions</td></tr></table>
<br>Error output:<hr><pre>[AUNIT:ENDT][Script_Test.misc] End Test
[AUNIT:ENDT] End Test: Script_Test.misc
[AUNIT:STRT][Script_Test.templateText] Start Test
[AUNIT:STRT] Start Test: Script_Test.templateText
This is the hea
 HelloA
 HelloB</pre>
<h2><a id="Props_Test.standard">Props_Test.standard</a></h2>
<table border=0 width="100%"><tr><td bgcolor="green">Test OK with 1  Test Expressions</td></tr></table>
<br>Error output:<hr><pre>[AUNIT:ENDT][Script_Test.templateText] End Test
[AUNIT:ENDT] End Test: Script_Test.templateText
[AUNIT:STRT][Props_Test.standard] Start Test
[AUNIT:STRT] Start Test: Props_Test.standard
[AUNIT:SUCC]: Props_Test.standard:
acdk_cfgscript_Props_Test.cpp(69): erg == 42
</pre>
<h2><a id="Props_Test.propsViaScript">Props_Test.propsViaScript</a></h2>
<table border=0 width="100%"><tr><td bgcolor="green">Test OK with 3  Test Expressions</td></tr></table>
<br>Error output:<hr><pre>[AUNIT:ENDT][Props_Test.standard] End Test
[AUNIT:ENDT] End Test: Props_Test.standard
[AUNIT:STRT][Props_Test.propsViaScript] Start Test
[AUNIT:STRT] Start Test: Props_Test.propsViaScript
W: : Props::get(): Key [tp] does not exists
[AUNIT:SUCC]: Props_Test.propsViaScript:
acdk_cfgscript_Props_Test.cpp(94): props->getStringVal("erg1")->equals("val") == true
[AUNIT:SUCC]: Props_Test.propsViaScript:
acdk_cfgscript_Props_Test.cpp(95): props->getIntVal("erg2") == 42
[AUNIT:SUCC]: Props_Test.propsViaScript:
acdk_cfgscript_Props_Test.cpp(96): props->getIntVal("erg3") == 3
</pre>
<h2><a id="Props_Test.scriptInEval">Props_Test.scriptInEval</a></h2>
<table border=0 width="100%"><tr><td bgcolor="green">Test OK with 2  Test Expressions</td></tr></table>
<br>Error output:<hr><pre>[AUNIT:ENDT][Props_Test.propsViaScript] End Test
[AUNIT:ENDT] End Test: Props_Test.propsViaScript
[AUNIT:STRT][Props_Test.scriptInEval] Start Test
[AUNIT:STRT] Start Test: Props_Test.scriptInEval
[AUNIT:SUCC]: Props_Test.scriptInEval:
acdk_cfgscript_Props_Test.cpp(107): s->equals("43")
[AUNIT:SUCC]: Props_Test.scriptInEval:
acdk_cfgscript_Props_Test.cpp(110): s->equals("43")
</pre>
</body></html>
